[0mGET /api/v1/posts/ [36m304[0m 90.565 ms - -[0m
[0mGET /api/v1/posts/ [36m304[0m 25.389 ms - -[0m
[0mGET /api/v1/posts/ [36m304[0m 19.515 ms - -[0m
[0mGET /api/v1/posts/ [36m304[0m 15.425 ms - -[0m
[0mGET /api/v1/posts/ [36m304[0m 22.794 ms - -[0m
[0mGET /api/v1/posts/ [36m304[0m 34.008 ms - -[0m
[0mGET /api/v1/posts/ [36m304[0m 9.611 ms - -[0m
[0mGET /api/v1/posts/ [36m304[0m 18.365 ms - -[0m
[0mGET /api/v1/posts/ [36m304[0m 9.411 ms - -[0m
[0mGET /api/v1/posts/ [36m304[0m 66.439 ms - -[0m
[0mGET /api/v1/posts/ [36m304[0m 9.783 ms - -[0m
[0mGET /api/v1/posts/ [36m304[0m 11.719 ms - -[0m
[0mGET /api/v1/posts/ [36m304[0m 27.313 ms - -[0m
[0mPOST /api/v1/users/create-session [32m200[0m 3.129 ms - 639[0m
[0mGET /api/v1/posts/ [36m304[0m 76.023 ms - -[0m
[0mGET /api/v1/posts/ [36m304[0m 22.244 ms - -[0m
[0mGET /api/v1/posts/ [36m304[0m 167.016 ms - -[0m
[0mGET /api/v1/posts/ [36m304[0m 91.732 ms - -[0m
[0mGET /api/v1/posts/ [36m304[0m 31.999 ms - -[0m
[0mGET /api/v1/posts/ [36m304[0m 56.260 ms - -[0m
[0mGET /api/v1/posts/ [36m304[0m 68.200 ms - -[0m
[0mGET /api/v1/posts/ [36m304[0m 69.527 ms - -[0m
[0mGET /api/v1/posts/ [36m304[0m 39.817 ms - -[0m
[0mGET /api/v1/posts/ [36m304[0m 51.791 ms - -[0m
[0mGET /api/v1/posts/ [36m304[0m 25.965 ms - -[0m
[0mGET /api/v1/posts/ [36m304[0m 99.018 ms - -[0m
[0mGET /api/v1/posts/ [36m304[0m 18.316 ms - -[0m
[0mGET /api/v1/posts/ [36m304[0m 13.593 ms - -[0m
[0mGET /api/v1/posts/ [36m304[0m 16.099 ms - -[0m
[0mGET /api/v1/posts/ [36m304[0m 27.329 ms - -[0m
[0mGET /api/v1/posts/ [36m304[0m 40.073 ms - -[0m
[0mGET /api/v1/posts/ [36m304[0m 29.770 ms - -[0m
[0mGET /api/v1/posts/ [36m304[0m 14.942 ms - -[0m
[0mGET /api/v1/posts/ [36m304[0m 26.941 ms - -[0m
[0mPOST /api/v1/users/create-session [32m200[0m 19.355 ms - 639[0m
[0mGET /api/v1/posts/ [36m304[0m 34.844 ms - -[0m
[0mGET /api/v1/posts/ [36m304[0m 93.095 ms - -[0m
[0mGET /api/v1/posts/ [36m304[0m 24.982 ms - -[0m
[0mGET /api/v1/posts/ [36m304[0m 30.895 ms - -[0m
[0mPOST /api/v1/users/create-session [32m200[0m 15.236 ms - 639[0m
[0mGET /api/v1/posts/ [36m304[0m 39.763 ms - -[0m
[0mGET /api/v1/posts/ [36m304[0m 23.779 ms - -[0m
[0mGET /api/v1/posts/ [36m304[0m 14.228 ms - -[0m
[0mGET /api/v1/posts/ [36m304[0m 19.023 ms - -[0m
[0mGET /api/v1/posts/ [36m304[0m 67.273 ms - -[0m
[0mGET /api/v1/posts/ [36m304[0m 16.792 ms - -[0m
[0mGET /api/v1/posts/ [36m304[0m 18.951 ms - -[0m
[0mGET /api/v1/posts/ [36m304[0m 44.256 ms - -[0m
[0mGET /api/v1/posts/ [36m304[0m 15.670 ms - -[0m
[0mGET /api/v1/posts/ [36m304[0m 16.578 ms - -[0m
[0mGET /users/sign-up [36m304[0m 42.798 ms - -[0m
[0mGET /users/sign-in [32m200[0m 10.070 ms - 2330[0m
[0mPOST /users/create-session [36m302[0m 15.863 ms - 46[0m
[0mGET / [32m200[0m 28.581 ms - 13955[0m
[0mGET /users/profile/602987ff373eca639f5b3682 [32m200[0m 9.113 ms - 2683[0m
[0mGET /uploads/users/avatars/avatar-1613770656114 [33m404[0m 6.331 ms - 181[0m
[0mPOST /users/update/602987ff373eca639f5b3682 [36m302[0m 30.202 ms - 164[0m
[0mGET /users/profile/602987ff373eca639f5b3682 [32m200[0m 17.584 ms - 2686[0m
[0mGET /uploads/users/avatars/avatar-1613770656114 [33m404[0m 19.210 ms - 181[0m
[0mPOST /users/update/602987ff373eca639f5b3682 [36m302[0m 8.411 ms - 164[0m
[0mGET /users/profile/602987ff373eca639f5b3682 [32m200[0m 6.643 ms - 2683[0m
[0mGET /uploads/users/avatars/avatar-1613770656114 [33m404[0m 8.664 ms - 181[0m
[0mPOST /users/update/602987ff373eca639f5b3682 [36m302[0m 7.679 ms - 164[0m
[0mGET /users/profile/602987ff373eca639f5b3682 [32m200[0m 10.810 ms - 2686[0m
[0mGET /uploads/users/avatars/avatar-1613770656114 [33m404[0m 6.353 ms - 181[0m
[0mPOST /users/update/602987ff373eca639f5b3682 [36m302[0m 6.915 ms - 164[0m
[0mGET /users/profile/602987ff373eca639f5b3682 [32m200[0m 11.454 ms - 2683[0m
[0mGET /uploads/users/avatars/avatar-1613770656114 [33m404[0m 5.528 ms - 181[0m
[0mGET /api/v1/posts/ [32m200[0m 49.089 ms - 3697[0m
[0mGET /api/v1/posts/ [36m304[0m 18.005 ms - -[0m
[0mGET /api/v1/posts/ [36m304[0m 21.222 ms - -[0m
[0mGET /api/v1/posts/ [36m304[0m 16.581 ms - -[0m
[0mGET /api/v1/posts/ [36m304[0m 14.815 ms - -[0m
[0mGET /api/v1/posts/ [36m304[0m 10.207 ms - -[0m
[0mPOST /api/v1/users/create-session [32m200[0m 17.474 ms - 639[0m
[0mPOST /api/v1/users/update/602987ff373eca639f5b3682 [32m200[0m 21.481 ms - 605[0m
