::1 - - [01/Mar/2021:18:31:41 +0000] "GET / HTTP/1.1" 304 - "http://localhost:8080/" "Mozilla/5.0 (Macintosh; Intel Mac OS X 11_2_2) AppleWebKit/537.36 (KHTML, like Gecko) Chrome/88.0.4324.192 Safari/537.36"
::1 - - [01/Mar/2021:18:31:41 +0000] "GET /undefined HTTP/1.1" 404 148 "http://localhost:8080/" "Mozilla/5.0 (Macintosh; Intel Mac OS X 11_2_2) AppleWebKit/537.36 (KHTML, like Gecko) Chrome/88.0.4324.192 Safari/537.36"
::1 - - [01/Mar/2021:18:31:41 +0000] "GET /undefined HTTP/1.1" 404 148 "http://localhost:8080/" "Mozilla/5.0 (Macintosh; Intel Mac OS X 11_2_2) AppleWebKit/537.36 (KHTML, like Gecko) Chrome/88.0.4324.192 Safari/537.36"
::1 - - [01/Mar/2021:18:31:41 +0000] "GET /undefined HTTP/1.1" 404 148 "http://localhost:8080/" "Mozilla/5.0 (Macintosh; Intel Mac OS X 11_2_2) AppleWebKit/537.36 (KHTML, like Gecko) Chrome/88.0.4324.192 Safari/537.36"
::1 - - [01/Mar/2021:18:31:41 +0000] "GET /undefined HTTP/1.1" 404 148 "http://localhost:8080/" "Mozilla/5.0 (Macintosh; Intel Mac OS X 11_2_2) AppleWebKit/537.36 (KHTML, like Gecko) Chrome/88.0.4324.192 Safari/537.36"
::1 - - [01/Mar/2021:18:32:19 +0000] "GET / HTTP/1.1" 304 - "http://localhost:8080/" "Mozilla/5.0 (Macintosh; Intel Mac OS X 11_2_2) AppleWebKit/537.36 (KHTML, like Gecko) Chrome/88.0.4324.192 Safari/537.36"
::1 - - [01/Mar/2021:18:32:19 +0000] "GET /undefined HTTP/1.1" 404 148 "http://localhost:8080/" "Mozilla/5.0 (Macintosh; Intel Mac OS X 11_2_2) AppleWebKit/537.36 (KHTML, like Gecko) Chrome/88.0.4324.192 Safari/537.36"
::1 - - [01/Mar/2021:18:32:19 +0000] "GET /undefined HTTP/1.1" 404 148 "http://localhost:8080/" "Mozilla/5.0 (Macintosh; Intel Mac OS X 11_2_2) AppleWebKit/537.36 (KHTML, like Gecko) Chrome/88.0.4324.192 Safari/537.36"
::1 - - [01/Mar/2021:18:32:19 +0000] "GET /undefined HTTP/1.1" 404 148 "http://localhost:8080/" "Mozilla/5.0 (Macintosh; Intel Mac OS X 11_2_2) AppleWebKit/537.36 (KHTML, like Gecko) Chrome/88.0.4324.192 Safari/537.36"
::1 - - [01/Mar/2021:18:32:19 +0000] "GET /undefined HTTP/1.1" 404 148 "http://localhost:8080/" "Mozilla/5.0 (Macintosh; Intel Mac OS X 11_2_2) AppleWebKit/537.36 (KHTML, like Gecko) Chrome/88.0.4324.192 Safari/537.36"
::1 - - [01/Mar/2021:18:32:19 +0000] "GET /undefined HTTP/1.1" 404 148 "http://localhost:8080/" "Mozilla/5.0 (Macintosh; Intel Mac OS X 11_2_2) AppleWebKit/537.36 (KHTML, like Gecko) Chrome/88.0.4324.192 Safari/537.36"
::1 - - [01/Mar/2021:18:32:20 +0000] "GET / HTTP/1.1" 304 - "http://localhost:8080/" "Mozilla/5.0 (Macintosh; Intel Mac OS X 11_2_2) AppleWebKit/537.36 (KHTML, like Gecko) Chrome/88.0.4324.192 Safari/537.36"
::1 - - [01/Mar/2021:18:32:20 +0000] "GET /undefined HTTP/1.1" 404 148 "http://localhost:8080/" "Mozilla/5.0 (Macintosh; Intel Mac OS X 11_2_2) AppleWebKit/537.36 (KHTML, like Gecko) Chrome/88.0.4324.192 Safari/537.36"
::1 - - [01/Mar/2021:18:32:20 +0000] "GET /undefined HTTP/1.1" 404 148 "http://localhost:8080/" "Mozilla/5.0 (Macintosh; Intel Mac OS X 11_2_2) AppleWebKit/537.36 (KHTML, like Gecko) Chrome/88.0.4324.192 Safari/537.36"
::1 - - [01/Mar/2021:18:32:20 +0000] "GET /undefined HTTP/1.1" 404 148 "http://localhost:8080/" "Mozilla/5.0 (Macintosh; Intel Mac OS X 11_2_2) AppleWebKit/537.36 (KHTML, like Gecko) Chrome/88.0.4324.192 Safari/537.36"
::1 - - [01/Mar/2021:18:32:20 +0000] "GET /undefined HTTP/1.1" 404 148 "http://localhost:8080/" "Mozilla/5.0 (Macintosh; Intel Mac OS X 11_2_2) AppleWebKit/537.36 (KHTML, like Gecko) Chrome/88.0.4324.192 Safari/537.36"
::1 - - [01/Mar/2021:18:32:29 +0000] "GET / HTTP/1.1" 200 2893 "http://localhost:8080/" "Mozilla/5.0 (Macintosh; Intel Mac OS X 11_2_2) AppleWebKit/537.36 (KHTML, like Gecko) Chrome/88.0.4324.192 Safari/537.36"
::1 - - [01/Mar/2021:18:32:29 +0000] "GET /%60/undefined%60 HTTP/1.1" 404 155 "http://localhost:8080/" "Mozilla/5.0 (Macintosh; Intel Mac OS X 11_2_2) AppleWebKit/537.36 (KHTML, like Gecko) Chrome/88.0.4324.192 Safari/537.36"
::1 - - [01/Mar/2021:18:32:29 +0000] "GET /undefined HTTP/1.1" 404 148 "http://localhost:8080/" "Mozilla/5.0 (Macintosh; Intel Mac OS X 11_2_2) AppleWebKit/537.36 (KHTML, like Gecko) Chrome/88.0.4324.192 Safari/537.36"
::1 - - [01/Mar/2021:18:32:29 +0000] "GET /undefined HTTP/1.1" 404 148 "http://localhost:8080/" "Mozilla/5.0 (Macintosh; Intel Mac OS X 11_2_2) AppleWebKit/537.36 (KHTML, like Gecko) Chrome/88.0.4324.192 Safari/537.36"
::1 - - [01/Mar/2021:18:32:29 +0000] "GET /undefined HTTP/1.1" 404 148 "http://localhost:8080/" "Mozilla/5.0 (Macintosh; Intel Mac OS X 11_2_2) AppleWebKit/537.36 (KHTML, like Gecko) Chrome/88.0.4324.192 Safari/537.36"
::1 - - [01/Mar/2021:18:32:30 +0000] "GET / HTTP/1.1" 304 - "http://localhost:8080/" "Mozilla/5.0 (Macintosh; Intel Mac OS X 11_2_2) AppleWebKit/537.36 (KHTML, like Gecko) Chrome/88.0.4324.192 Safari/537.36"
::1 - - [01/Mar/2021:18:32:30 +0000] "GET /%60/undefined%60 HTTP/1.1" 404 155 "http://localhost:8080/" "Mozilla/5.0 (Macintosh; Intel Mac OS X 11_2_2) AppleWebKit/537.36 (KHTML, like Gecko) Chrome/88.0.4324.192 Safari/537.36"
::1 - - [01/Mar/2021:18:32:30 +0000] "GET /undefined HTTP/1.1" 404 148 "http://localhost:8080/" "Mozilla/5.0 (Macintosh; Intel Mac OS X 11_2_2) AppleWebKit/537.36 (KHTML, like Gecko) Chrome/88.0.4324.192 Safari/537.36"
::1 - - [01/Mar/2021:18:32:30 +0000] "GET /undefined HTTP/1.1" 404 148 "http://localhost:8080/" "Mozilla/5.0 (Macintosh; Intel Mac OS X 11_2_2) AppleWebKit/537.36 (KHTML, like Gecko) Chrome/88.0.4324.192 Safari/537.36"
::1 - - [01/Mar/2021:18:32:30 +0000] "GET /undefined HTTP/1.1" 404 148 "http://localhost:8080/" "Mozilla/5.0 (Macintosh; Intel Mac OS X 11_2_2) AppleWebKit/537.36 (KHTML, like Gecko) Chrome/88.0.4324.192 Safari/537.36"
::1 - - [01/Mar/2021:18:32:30 +0000] "GET /undefined HTTP/1.1" 404 148 "http://localhost:8080/" "Mozilla/5.0 (Macintosh; Intel Mac OS X 11_2_2) AppleWebKit/537.36 (KHTML, like Gecko) Chrome/88.0.4324.192 Safari/537.36"
::1 - - [01/Mar/2021:18:32:31 +0000] "GET / HTTP/1.1" 304 - "http://localhost:8080/" "Mozilla/5.0 (Macintosh; Intel Mac OS X 11_2_2) AppleWebKit/537.36 (KHTML, like Gecko) Chrome/88.0.4324.192 Safari/537.36"
::1 - - [01/Mar/2021:18:32:31 +0000] "GET /%60/undefined%60 HTTP/1.1" 404 155 "http://localhost:8080/" "Mozilla/5.0 (Macintosh; Intel Mac OS X 11_2_2) AppleWebKit/537.36 (KHTML, like Gecko) Chrome/88.0.4324.192 Safari/537.36"
::1 - - [01/Mar/2021:18:32:31 +0000] "GET /undefined HTTP/1.1" 404 148 "http://localhost:8080/" "Mozilla/5.0 (Macintosh; Intel Mac OS X 11_2_2) AppleWebKit/537.36 (KHTML, like Gecko) Chrome/88.0.4324.192 Safari/537.36"
::1 - - [01/Mar/2021:18:32:31 +0000] "GET /undefined HTTP/1.1" 404 148 "http://localhost:8080/" "Mozilla/5.0 (Macintosh; Intel Mac OS X 11_2_2) AppleWebKit/537.36 (KHTML, like Gecko) Chrome/88.0.4324.192 Safari/537.36"
::1 - - [01/Mar/2021:18:32:31 +0000] "GET /undefined HTTP/1.1" 404 148 "http://localhost:8080/" "Mozilla/5.0 (Macintosh; Intel Mac OS X 11_2_2) AppleWebKit/537.36 (KHTML, like Gecko) Chrome/88.0.4324.192 Safari/537.36"
[0mGET / [32m200[0m 44.518 ms - 8033[0m
[0mGET /%60js/home_post_comments.js%60 [33m404[0m 11.548 ms - 169[0m
[0mGET / [36m304[0m 26.459 ms - -[0m
[0mGET /%60js/home_post_comments.js%60 [33m404[0m 38.649 ms - 169[0m
[0mGET /users/sign-in [32m200[0m 6.061 ms - 2327[0m
[0mGET /users/css/layout.css [33m404[0m 22.012 ms - 159[0m
[0mGET /users/css/footer.css [33m404[0m 17.309 ms - 159[0m
[0mGET /users/css/header.css [33m404[0m 20.015 ms - 159[0m
[0mPOST /users/create-session [36m302[0m 7.563 ms - 46[0m
[0mGET / [32m200[0m 19.875 ms - 12143[0m
[0mGET /%60js/home_post_comments.js%60 [33m404[0m 27.893 ms - 169[0m
[0mGET /users/sign-out [36m302[0m 5.402 ms - 88[0m
[0mGET / [32m200[0m 22.203 ms - 8297[0m
[0mGET /%60js/home_post_comments.js%60 [33m404[0m 61.083 ms - 169[0m
[0mGET / [32m200[0m 14.087 ms - 8033[0m
[0mGET /%60js/home_post_comments.js%60 [33m404[0m 6.601 ms - 169[0m
::1 - - [01/Mar/2021:18:39:13 +0000] "GET / HTTP/1.1" 200 2893 "http://localhost:8080/" "Mozilla/5.0 (Macintosh; Intel Mac OS X 11_2_2) AppleWebKit/537.36 (KHTML, like Gecko) Chrome/88.0.4324.192 Safari/537.36"
::1 - - [01/Mar/2021:18:39:13 +0000] "GET /%60/undefined%60 HTTP/1.1" 404 155 "http://localhost:8080/" "Mozilla/5.0 (Macintosh; Intel Mac OS X 11_2_2) AppleWebKit/537.36 (KHTML, like Gecko) Chrome/88.0.4324.192 Safari/537.36"
::1 - - [01/Mar/2021:18:39:13 +0000] "GET /undefined HTTP/1.1" 404 148 "http://localhost:8080/" "Mozilla/5.0 (Macintosh; Intel Mac OS X 11_2_2) AppleWebKit/537.36 (KHTML, like Gecko) Chrome/88.0.4324.192 Safari/537.36"
::1 - - [01/Mar/2021:18:39:13 +0000] "GET /undefined HTTP/1.1" 404 148 "http://localhost:8080/" "Mozilla/5.0 (Macintosh; Intel Mac OS X 11_2_2) AppleWebKit/537.36 (KHTML, like Gecko) Chrome/88.0.4324.192 Safari/537.36"
::1 - - [01/Mar/2021:18:39:13 +0000] "GET /undefined HTTP/1.1" 404 148 "http://localhost:8080/" "Mozilla/5.0 (Macintosh; Intel Mac OS X 11_2_2) AppleWebKit/537.36 (KHTML, like Gecko) Chrome/88.0.4324.192 Safari/537.36"
::1 - - [01/Mar/2021:18:39:14 +0000] "GET / HTTP/1.1" 304 - "http://localhost:8080/" "Mozilla/5.0 (Macintosh; Intel Mac OS X 11_2_2) AppleWebKit/537.36 (KHTML, like Gecko) Chrome/88.0.4324.192 Safari/537.36"
::1 - - [01/Mar/2021:18:39:14 +0000] "GET /%60/undefined%60 HTTP/1.1" 404 155 "http://localhost:8080/" "Mozilla/5.0 (Macintosh; Intel Mac OS X 11_2_2) AppleWebKit/537.36 (KHTML, like Gecko) Chrome/88.0.4324.192 Safari/537.36"
::1 - - [01/Mar/2021:18:39:14 +0000] "GET /undefined HTTP/1.1" 404 148 "http://localhost:8080/" "Mozilla/5.0 (Macintosh; Intel Mac OS X 11_2_2) AppleWebKit/537.36 (KHTML, like Gecko) Chrome/88.0.4324.192 Safari/537.36"
::1 - - [01/Mar/2021:18:39:14 +0000] "GET /undefined HTTP/1.1" 404 148 "http://localhost:8080/" "Mozilla/5.0 (Macintosh; Intel Mac OS X 11_2_2) AppleWebKit/537.36 (KHTML, like Gecko) Chrome/88.0.4324.192 Safari/537.36"
::1 - - [01/Mar/2021:18:39:14 +0000] "GET /undefined HTTP/1.1" 404 148 "http://localhost:8080/" "Mozilla/5.0 (Macintosh; Intel Mac OS X 11_2_2) AppleWebKit/537.36 (KHTML, like Gecko) Chrome/88.0.4324.192 Safari/537.36"
::1 - - [01/Mar/2021:18:41:40 +0000] "GET / HTTP/1.1" 200 2893 "http://localhost:8080/" "Mozilla/5.0 (Macintosh; Intel Mac OS X 11_2_2) AppleWebKit/537.36 (KHTML, like Gecko) Chrome/88.0.4324.192 Safari/537.36"
::1 - - [01/Mar/2021:18:41:40 +0000] "GET /undefined HTTP/1.1" 404 148 "http://localhost:8080/" "Mozilla/5.0 (Macintosh; Intel Mac OS X 11_2_2) AppleWebKit/537.36 (KHTML, like Gecko) Chrome/88.0.4324.192 Safari/537.36"
::1 - - [01/Mar/2021:18:41:40 +0000] "GET /undefined HTTP/1.1" 404 148 "http://localhost:8080/" "Mozilla/5.0 (Macintosh; Intel Mac OS X 11_2_2) AppleWebKit/537.36 (KHTML, like Gecko) Chrome/88.0.4324.192 Safari/537.36"
::1 - - [01/Mar/2021:18:41:40 +0000] "GET /undefined HTTP/1.1" 404 148 "http://localhost:8080/" "Mozilla/5.0 (Macintosh; Intel Mac OS X 11_2_2) AppleWebKit/537.36 (KHTML, like Gecko) Chrome/88.0.4324.192 Safari/537.36"
::1 - - [01/Mar/2021:18:41:40 +0000] "GET /undefined HTTP/1.1" 404 148 "http://localhost:8080/" "Mozilla/5.0 (Macintosh; Intel Mac OS X 11_2_2) AppleWebKit/537.36 (KHTML, like Gecko) Chrome/88.0.4324.192 Safari/537.36"
::1 - - [01/Mar/2021:18:44:12 +0000] "GET / HTTP/1.1" 304 - "http://localhost:8080/" "Mozilla/5.0 (Macintosh; Intel Mac OS X 11_2_2) AppleWebKit/537.36 (KHTML, like Gecko) Chrome/88.0.4324.192 Safari/537.36"
::1 - - [01/Mar/2021:18:44:12 +0000] "GET /undefined HTTP/1.1" 404 148 "http://localhost:8080/" "Mozilla/5.0 (Macintosh; Intel Mac OS X 11_2_2) AppleWebKit/537.36 (KHTML, like Gecko) Chrome/88.0.4324.192 Safari/537.36"
::1 - - [01/Mar/2021:18:44:12 +0000] "GET /undefined HTTP/1.1" 404 148 "http://localhost:8080/" "Mozilla/5.0 (Macintosh; Intel Mac OS X 11_2_2) AppleWebKit/537.36 (KHTML, like Gecko) Chrome/88.0.4324.192 Safari/537.36"
::1 - - [01/Mar/2021:18:44:12 +0000] "GET /undefined HTTP/1.1" 404 148 "http://localhost:8080/" "Mozilla/5.0 (Macintosh; Intel Mac OS X 11_2_2) AppleWebKit/537.36 (KHTML, like Gecko) Chrome/88.0.4324.192 Safari/537.36"
::1 - - [01/Mar/2021:18:44:12 +0000] "GET /undefined HTTP/1.1" 404 148 "http://localhost:8080/" "Mozilla/5.0 (Macintosh; Intel Mac OS X 11_2_2) AppleWebKit/537.36 (KHTML, like Gecko) Chrome/88.0.4324.192 Safari/537.36"
::1 - - [01/Mar/2021:18:44:13 +0000] "GET / HTTP/1.1" 304 - "http://localhost:8080/" "Mozilla/5.0 (Macintosh; Intel Mac OS X 11_2_2) AppleWebKit/537.36 (KHTML, like Gecko) Chrome/88.0.4324.192 Safari/537.36"
::1 - - [01/Mar/2021:18:44:13 +0000] "GET /undefined HTTP/1.1" 404 148 "http://localhost:8080/" "Mozilla/5.0 (Macintosh; Intel Mac OS X 11_2_2) AppleWebKit/537.36 (KHTML, like Gecko) Chrome/88.0.4324.192 Safari/537.36"
::1 - - [01/Mar/2021:18:44:13 +0000] "GET /undefined HTTP/1.1" 404 148 "http://localhost:8080/" "Mozilla/5.0 (Macintosh; Intel Mac OS X 11_2_2) AppleWebKit/537.36 (KHTML, like Gecko) Chrome/88.0.4324.192 Safari/537.36"
::1 - - [01/Mar/2021:18:44:13 +0000] "GET /undefined HTTP/1.1" 404 148 "http://localhost:8080/" "Mozilla/5.0 (Macintosh; Intel Mac OS X 11_2_2) AppleWebKit/537.36 (KHTML, like Gecko) Chrome/88.0.4324.192 Safari/537.36"
::1 - - [01/Mar/2021:18:44:13 +0000] "GET /undefined HTTP/1.1" 404 148 "http://localhost:8080/" "Mozilla/5.0 (Macintosh; Intel Mac OS X 11_2_2) AppleWebKit/537.36 (KHTML, like Gecko) Chrome/88.0.4324.192 Safari/537.36"
::1 - - [01/Mar/2021:18:45:27 +0000] "GET / HTTP/1.1" 304 - "http://localhost:8080/" "Mozilla/5.0 (Macintosh; Intel Mac OS X 11_2_2) AppleWebKit/537.36 (KHTML, like Gecko) Chrome/88.0.4324.192 Safari/537.36"
::1 - - [01/Mar/2021:18:45:27 +0000] "GET /undefined HTTP/1.1" 404 148 "http://localhost:8080/" "Mozilla/5.0 (Macintosh; Intel Mac OS X 11_2_2) AppleWebKit/537.36 (KHTML, like Gecko) Chrome/88.0.4324.192 Safari/537.36"
::1 - - [01/Mar/2021:18:45:27 +0000] "GET /undefined HTTP/1.1" 404 148 "http://localhost:8080/" "Mozilla/5.0 (Macintosh; Intel Mac OS X 11_2_2) AppleWebKit/537.36 (KHTML, like Gecko) Chrome/88.0.4324.192 Safari/537.36"
::1 - - [01/Mar/2021:18:45:27 +0000] "GET /undefined HTTP/1.1" 404 148 "http://localhost:8080/" "Mozilla/5.0 (Macintosh; Intel Mac OS X 11_2_2) AppleWebKit/537.36 (KHTML, like Gecko) Chrome/88.0.4324.192 Safari/537.36"
::1 - - [01/Mar/2021:18:45:27 +0000] "GET /undefined HTTP/1.1" 404 148 "http://localhost:8080/" "Mozilla/5.0 (Macintosh; Intel Mac OS X 11_2_2) AppleWebKit/537.36 (KHTML, like Gecko) Chrome/88.0.4324.192 Safari/537.36"
::1 - - [01/Mar/2021:18:58:22 +0000] "GET / HTTP/1.1" 304 - "http://localhost:8080/" "Mozilla/5.0 (Macintosh; Intel Mac OS X 11_2_2) AppleWebKit/537.36 (KHTML, like Gecko) Chrome/88.0.4324.192 Safari/537.36"
::1 - - [01/Mar/2021:18:58:22 +0000] "GET /undefined HTTP/1.1" 404 148 "http://localhost:8080/" "Mozilla/5.0 (Macintosh; Intel Mac OS X 11_2_2) AppleWebKit/537.36 (KHTML, like Gecko) Chrome/88.0.4324.192 Safari/537.36"
::1 - - [01/Mar/2021:18:58:22 +0000] "GET /undefined HTTP/1.1" 404 148 "http://localhost:8080/" "Mozilla/5.0 (Macintosh; Intel Mac OS X 11_2_2) AppleWebKit/537.36 (KHTML, like Gecko) Chrome/88.0.4324.192 Safari/537.36"
::1 - - [01/Mar/2021:18:58:22 +0000] "GET /undefined HTTP/1.1" 404 148 "http://localhost:8080/" "Mozilla/5.0 (Macintosh; Intel Mac OS X 11_2_2) AppleWebKit/537.36 (KHTML, like Gecko) Chrome/88.0.4324.192 Safari/537.36"
::1 - - [01/Mar/2021:18:58:22 +0000] "GET /undefined HTTP/1.1" 404 148 "http://localhost:8080/" "Mozilla/5.0 (Macintosh; Intel Mac OS X 11_2_2) AppleWebKit/537.36 (KHTML, like Gecko) Chrome/88.0.4324.192 Safari/537.36"
::1 - - [01/Mar/2021:18:58:36 +0000] "GET / HTTP/1.1" 304 - "http://localhost:8080/" "Mozilla/5.0 (Macintosh; Intel Mac OS X 11_2_2) AppleWebKit/537.36 (KHTML, like Gecko) Chrome/88.0.4324.192 Safari/537.36"
::1 - - [01/Mar/2021:18:58:36 +0000] "GET /undefined HTTP/1.1" 404 148 "http://localhost:8080/" "Mozilla/5.0 (Macintosh; Intel Mac OS X 11_2_2) AppleWebKit/537.36 (KHTML, like Gecko) Chrome/88.0.4324.192 Safari/537.36"
::1 - - [01/Mar/2021:18:58:36 +0000] "GET /undefined HTTP/1.1" 404 148 "http://localhost:8080/" "Mozilla/5.0 (Macintosh; Intel Mac OS X 11_2_2) AppleWebKit/537.36 (KHTML, like Gecko) Chrome/88.0.4324.192 Safari/537.36"
::1 - - [01/Mar/2021:18:58:36 +0000] "GET /undefined HTTP/1.1" 404 148 "http://localhost:8080/" "Mozilla/5.0 (Macintosh; Intel Mac OS X 11_2_2) AppleWebKit/537.36 (KHTML, like Gecko) Chrome/88.0.4324.192 Safari/537.36"
::1 - - [01/Mar/2021:18:58:36 +0000] "GET /undefined HTTP/1.1" 404 148 "http://localhost:8080/" "Mozilla/5.0 (Macintosh; Intel Mac OS X 11_2_2) AppleWebKit/537.36 (KHTML, like Gecko) Chrome/88.0.4324.192 Safari/537.36"
::1 - - [01/Mar/2021:18:58:36 +0000] "GET /undefined HTTP/1.1" 404 148 "http://localhost:8080/" "Mozilla/5.0 (Macintosh; Intel Mac OS X 11_2_2) AppleWebKit/537.36 (KHTML, like Gecko) Chrome/88.0.4324.192 Safari/537.36"
::1 - - [01/Mar/2021:18:58:58 +0000] "GET / HTTP/1.1" 304 - "http://localhost:8080/" "Mozilla/5.0 (Macintosh; Intel Mac OS X 11_2_2) AppleWebKit/537.36 (KHTML, like Gecko) Chrome/88.0.4324.192 Safari/537.36"
::1 - - [01/Mar/2021:18:58:59 +0000] "GET /undefined HTTP/1.1" 404 148 "http://localhost:8080/" "Mozilla/5.0 (Macintosh; Intel Mac OS X 11_2_2) AppleWebKit/537.36 (KHTML, like Gecko) Chrome/88.0.4324.192 Safari/537.36"
::1 - - [01/Mar/2021:18:58:59 +0000] "GET /undefined HTTP/1.1" 404 148 "http://localhost:8080/" "Mozilla/5.0 (Macintosh; Intel Mac OS X 11_2_2) AppleWebKit/537.36 (KHTML, like Gecko) Chrome/88.0.4324.192 Safari/537.36"
::1 - - [01/Mar/2021:18:58:59 +0000] "GET /undefined HTTP/1.1" 404 148 "http://localhost:8080/" "Mozilla/5.0 (Macintosh; Intel Mac OS X 11_2_2) AppleWebKit/537.36 (KHTML, like Gecko) Chrome/88.0.4324.192 Safari/537.36"
::1 - - [01/Mar/2021:18:58:59 +0000] "GET /undefined HTTP/1.1" 404 148 "http://localhost:8080/" "Mozilla/5.0 (Macintosh; Intel Mac OS X 11_2_2) AppleWebKit/537.36 (KHTML, like Gecko) Chrome/88.0.4324.192 Safari/537.36"
::1 - - [01/Mar/2021:19:03:37 +0000] "GET / HTTP/1.1" 304 - "http://localhost:8080/" "Mozilla/5.0 (Macintosh; Intel Mac OS X 11_2_2) AppleWebKit/537.36 (KHTML, like Gecko) Chrome/88.0.4324.192 Safari/537.36"
::1 - - [01/Mar/2021:19:03:37 +0000] "GET /undefined HTTP/1.1" 404 148 "http://localhost:8080/" "Mozilla/5.0 (Macintosh; Intel Mac OS X 11_2_2) AppleWebKit/537.36 (KHTML, like Gecko) Chrome/88.0.4324.192 Safari/537.36"
::1 - - [01/Mar/2021:19:03:37 +0000] "GET /undefined HTTP/1.1" 404 148 "http://localhost:8080/" "Mozilla/5.0 (Macintosh; Intel Mac OS X 11_2_2) AppleWebKit/537.36 (KHTML, like Gecko) Chrome/88.0.4324.192 Safari/537.36"
::1 - - [01/Mar/2021:19:03:37 +0000] "GET /undefined HTTP/1.1" 404 148 "http://localhost:8080/" "Mozilla/5.0 (Macintosh; Intel Mac OS X 11_2_2) AppleWebKit/537.36 (KHTML, like Gecko) Chrome/88.0.4324.192 Safari/537.36"
::1 - - [01/Mar/2021:19:03:37 +0000] "GET /undefined HTTP/1.1" 404 148 "http://localhost:8080/" "Mozilla/5.0 (Macintosh; Intel Mac OS X 11_2_2) AppleWebKit/537.36 (KHTML, like Gecko) Chrome/88.0.4324.192 Safari/537.36"
::1 - - [01/Mar/2021:19:08:11 +0000] "GET / HTTP/1.1" 200 2950 "http://localhost:8080/" "Mozilla/5.0 (Macintosh; Intel Mac OS X 11_2_2) AppleWebKit/537.36 (KHTML, like Gecko) Chrome/88.0.4324.192 Safari/537.36"
::1 - - [01/Mar/2021:19:08:11 +0000] "GET /undefined HTTP/1.1" 404 148 "http://localhost:8080/" "Mozilla/5.0 (Macintosh; Intel Mac OS X 11_2_2) AppleWebKit/537.36 (KHTML, like Gecko) Chrome/88.0.4324.192 Safari/537.36"
::1 - - [01/Mar/2021:19:08:12 +0000] "GET / HTTP/1.1" 304 - "http://localhost:8080/" "Mozilla/5.0 (Macintosh; Intel Mac OS X 11_2_2) AppleWebKit/537.36 (KHTML, like Gecko) Chrome/88.0.4324.192 Safari/537.36"
::1 - - [01/Mar/2021:19:08:12 +0000] "GET /undefined HTTP/1.1" 404 148 "http://localhost:8080/" "Mozilla/5.0 (Macintosh; Intel Mac OS X 11_2_2) AppleWebKit/537.36 (KHTML, like Gecko) Chrome/88.0.4324.192 Safari/537.36"
::1 - - [01/Mar/2021:19:08:21 +0000] "GET / HTTP/1.1" 304 - "http://localhost:8080/" "Mozilla/5.0 (Macintosh; Intel Mac OS X 11_2_2) AppleWebKit/537.36 (KHTML, like Gecko) Chrome/88.0.4324.192 Safari/537.36"
::1 - - [01/Mar/2021:19:08:21 +0000] "GET /undefined HTTP/1.1" 404 148 "http://localhost:8080/" "Mozilla/5.0 (Macintosh; Intel Mac OS X 11_2_2) AppleWebKit/537.36 (KHTML, like Gecko) Chrome/88.0.4324.192 Safari/537.36"
::1 - - [01/Mar/2021:19:08:21 +0000] "GET / HTTP/1.1" 304 - "http://localhost:8080/" "Mozilla/5.0 (Macintosh; Intel Mac OS X 11_2_2) AppleWebKit/537.36 (KHTML, like Gecko) Chrome/88.0.4324.192 Safari/537.36"
::1 - - [01/Mar/2021:19:08:22 +0000] "GET /undefined HTTP/1.1" 404 148 "http://localhost:8080/" "Mozilla/5.0 (Macintosh; Intel Mac OS X 11_2_2) AppleWebKit/537.36 (KHTML, like Gecko) Chrome/88.0.4324.192 Safari/537.36"
::1 - - [01/Mar/2021:19:10:31 +0000] "GET / HTTP/1.1" 200 2950 "-" "Mozilla/5.0 (Macintosh; Intel Mac OS X 11_2_2) AppleWebKit/537.36 (KHTML, like Gecko) Chrome/88.0.4324.192 Safari/537.36"
::1 - - [01/Mar/2021:19:10:31 +0000] "GET /undefined HTTP/1.1" 404 148 "http://localhost:8080/" "Mozilla/5.0 (Macintosh; Intel Mac OS X 11_2_2) AppleWebKit/537.36 (KHTML, like Gecko) Chrome/88.0.4324.192 Safari/537.36"
::1 - - [01/Mar/2021:19:10:32 +0000] "GET /undefined HTTP/1.1" 404 148 "http://localhost:8080/" "Mozilla/5.0 (Macintosh; Intel Mac OS X 11_2_2) AppleWebKit/537.36 (KHTML, like Gecko) Chrome/88.0.4324.192 Safari/537.36"
::1 - - [01/Mar/2021:19:10:32 +0000] "GET /favicon.ico HTTP/1.1" 404 150 "http://localhost:8080/" "Mozilla/5.0 (Macintosh; Intel Mac OS X 11_2_2) AppleWebKit/537.36 (KHTML, like Gecko) Chrome/88.0.4324.192 Safari/537.36"
::1 - - [01/Mar/2021:19:10:53 +0000] "GET /users/sign-in HTTP/1.1" 200 2363 "http://localhost:8080/" "Mozilla/5.0 (Macintosh; Intel Mac OS X 11_2_2) AppleWebKit/537.36 (KHTML, like Gecko) Chrome/88.0.4324.192 Safari/537.36"
::1 - - [01/Mar/2021:19:11:06 +0000] "GET /users/auth/google HTTP/1.1" 302 0 "http://localhost:8080/users/sign-in" "Mozilla/5.0 (Macintosh; Intel Mac OS X 11_2_2) AppleWebKit/537.36 (KHTML, like Gecko) Chrome/88.0.4324.192 Safari/537.36"
::1 - - [01/Mar/2021:19:11:37 +0000] "GET /users/sign-in HTTP/1.1" 304 - "http://localhost:8080/" "Mozilla/5.0 (Macintosh; Intel Mac OS X 11_2_2) AppleWebKit/537.36 (KHTML, like Gecko) Chrome/88.0.4324.192 Safari/537.36"
::1 - - [01/Mar/2021:19:11:38 +0000] "GET /users/sign-in HTTP/1.1" 304 - "http://localhost:8080/" "Mozilla/5.0 (Macintosh; Intel Mac OS X 11_2_2) AppleWebKit/537.36 (KHTML, like Gecko) Chrome/88.0.4324.192 Safari/537.36"
::1 - - [01/Mar/2021:19:11:47 +0000] "GET / HTTP/1.1" 304 - "http://localhost:8080/users/sign-in" "Mozilla/5.0 (Macintosh; Intel Mac OS X 11_2_2) AppleWebKit/537.36 (KHTML, like Gecko) Chrome/88.0.4324.192 Safari/537.36"
::1 - - [01/Mar/2021:19:11:47 +0000] "GET /undefined HTTP/1.1" 404 148 "http://localhost:8080/" "Mozilla/5.0 (Macintosh; Intel Mac OS X 11_2_2) AppleWebKit/537.36 (KHTML, like Gecko) Chrome/88.0.4324.192 Safari/537.36"
::1 - - [01/Mar/2021:19:11:54 +0000] "GET /users/sign-in HTTP/1.1" 304 - "http://localhost:8080/" "Mozilla/5.0 (Macintosh; Intel Mac OS X 11_2_2) AppleWebKit/537.36 (KHTML, like Gecko) Chrome/88.0.4324.192 Safari/537.36"
::1 - - [01/Mar/2021:19:11:55 +0000] "GET /users/sign-up HTTP/1.1" 200 2444 "http://localhost:8080/users/sign-in" "Mozilla/5.0 (Macintosh; Intel Mac OS X 11_2_2) AppleWebKit/537.36 (KHTML, like Gecko) Chrome/88.0.4324.192 Safari/537.36"
::1 - - [01/Mar/2021:19:12:07 +0000] "POST /users/create HTTP/1.1" 302 72 "http://localhost:8080/users/sign-up" "Mozilla/5.0 (Macintosh; Intel Mac OS X 11_2_2) AppleWebKit/537.36 (KHTML, like Gecko) Chrome/88.0.4324.192 Safari/537.36"
::1 - - [01/Mar/2021:19:12:07 +0000] "GET /users/sign-in HTTP/1.1" 304 - "http://localhost:8080/users/sign-up" "Mozilla/5.0 (Macintosh; Intel Mac OS X 11_2_2) AppleWebKit/537.36 (KHTML, like Gecko) Chrome/88.0.4324.192 Safari/537.36"
::1 - - [01/Mar/2021:19:12:14 +0000] "POST /users/create-session HTTP/1.1" 302 46 "http://localhost:8080/users/sign-in" "Mozilla/5.0 (Macintosh; Intel Mac OS X 11_2_2) AppleWebKit/537.36 (KHTML, like Gecko) Chrome/88.0.4324.192 Safari/537.36"
::1 - - [01/Mar/2021:19:12:14 +0000] "GET / HTTP/1.1" 200 4232 "http://localhost:8080/users/sign-in" "Mozilla/5.0 (Macintosh; Intel Mac OS X 11_2_2) AppleWebKit/537.36 (KHTML, like Gecko) Chrome/88.0.4324.192 Safari/537.36"
::1 - - [01/Mar/2021:19:12:14 +0000] "GET /undefined HTTP/1.1" 404 148 "http://localhost:8080/" "Mozilla/5.0 (Macintosh; Intel Mac OS X 11_2_2) AppleWebKit/537.36 (KHTML, like Gecko) Chrome/88.0.4324.192 Safari/537.36"
::1 - - [01/Mar/2021:19:15:18 +0000] "GET / HTTP/1.1" 200 3991 "http://localhost:8080/" "Mozilla/5.0 (Macintosh; Intel Mac OS X 11_2_2) AppleWebKit/537.36 (KHTML, like Gecko) Chrome/88.0.4324.192 Safari/537.36"
::1 - - [01/Mar/2021:19:15:22 +0000] "GET / HTTP/1.1" 304 - "http://localhost:8080/" "Mozilla/5.0 (Macintosh; Intel Mac OS X 11_2_2) AppleWebKit/537.36 (KHTML, like Gecko) Chrome/88.0.4324.192 Safari/537.36"
::1 - - [01/Mar/2021:19:15:29 +0000] "GET /users/sign-out HTTP/1.1" 302 88 "http://localhost:8080/" "Mozilla/5.0 (Macintosh; Intel Mac OS X 11_2_2) AppleWebKit/537.36 (KHTML, like Gecko) Chrome/88.0.4324.192 Safari/537.36"
::1 - - [01/Mar/2021:19:15:29 +0000] "GET / HTTP/1.1" 200 3393 "http://localhost:8080/" "Mozilla/5.0 (Macintosh; Intel Mac OS X 11_2_2) AppleWebKit/537.36 (KHTML, like Gecko) Chrome/88.0.4324.192 Safari/537.36"
::1 - - [01/Mar/2021:19:22:28 +0000] "GET / HTTP/1.1" 200 3046 "http://localhost:8080/" "Mozilla/5.0 (Macintosh; Intel Mac OS X 11_2_2) AppleWebKit/537.36 (KHTML, like Gecko) Chrome/88.0.4324.192 Safari/537.36"
::1 - - [01/Mar/2021:19:22:29 +0000] "GET /undefined HTTP/1.1" 404 148 "http://localhost:8080/" "Mozilla/5.0 (Macintosh; Intel Mac OS X 11_2_2) AppleWebKit/537.36 (KHTML, like Gecko) Chrome/88.0.4324.192 Safari/537.36"
::1 - - [01/Mar/2021:19:22:29 +0000] "GET /undefined HTTP/1.1" 404 148 "http://localhost:8080/" "Mozilla/5.0 (Macintosh; Intel Mac OS X 11_2_2) AppleWebKit/537.36 (KHTML, like Gecko) Chrome/88.0.4324.192 Safari/537.36"
::1 - - [01/Mar/2021:19:22:29 +0000] "GET /undefined HTTP/1.1" 404 148 "http://localhost:8080/" "Mozilla/5.0 (Macintosh; Intel Mac OS X 11_2_2) AppleWebKit/537.36 (KHTML, like Gecko) Chrome/88.0.4324.192 Safari/537.36"
::1 - - [01/Mar/2021:19:22:29 +0000] "GET /undefined HTTP/1.1" 404 148 "http://localhost:8080/" "Mozilla/5.0 (Macintosh; Intel Mac OS X 11_2_2) AppleWebKit/537.36 (KHTML, like Gecko) Chrome/88.0.4324.192 Safari/537.36"
::1 - - [01/Mar/2021:19:27:42 +0000] "GET / HTTP/1.1" 304 - "http://localhost:8080/" "Mozilla/5.0 (Macintosh; Intel Mac OS X 11_2_2) AppleWebKit/537.36 (KHTML, like Gecko) Chrome/88.0.4324.192 Safari/537.36"
::1 - - [01/Mar/2021:19:27:42 +0000] "GET /undefined HTTP/1.1" 404 148 "http://localhost:8080/" "Mozilla/5.0 (Macintosh; Intel Mac OS X 11_2_2) AppleWebKit/537.36 (KHTML, like Gecko) Chrome/88.0.4324.192 Safari/537.36"
::1 - - [01/Mar/2021:19:27:42 +0000] "GET /undefined HTTP/1.1" 404 148 "http://localhost:8080/" "Mozilla/5.0 (Macintosh; Intel Mac OS X 11_2_2) AppleWebKit/537.36 (KHTML, like Gecko) Chrome/88.0.4324.192 Safari/537.36"
::1 - - [01/Mar/2021:19:27:42 +0000] "GET /undefined HTTP/1.1" 404 148 "http://localhost:8080/" "Mozilla/5.0 (Macintosh; Intel Mac OS X 11_2_2) AppleWebKit/537.36 (KHTML, like Gecko) Chrome/88.0.4324.192 Safari/537.36"
::1 - - [01/Mar/2021:19:27:42 +0000] "GET /undefined HTTP/1.1" 404 148 "http://localhost:8080/" "Mozilla/5.0 (Macintosh; Intel Mac OS X 11_2_2) AppleWebKit/537.36 (KHTML, like Gecko) Chrome/88.0.4324.192 Safari/537.36"
::1 - - [01/Mar/2021:19:28:41 +0000] "GET / HTTP/1.1" 304 - "http://localhost:8080/" "Mozilla/5.0 (Macintosh; Intel Mac OS X 11_2_2) AppleWebKit/537.36 (KHTML, like Gecko) Chrome/88.0.4324.192 Safari/537.36"
::1 - - [01/Mar/2021:19:28:42 +0000] "GET /undefined HTTP/1.1" 404 148 "http://localhost:8080/" "Mozilla/5.0 (Macintosh; Intel Mac OS X 11_2_2) AppleWebKit/537.36 (KHTML, like Gecko) Chrome/88.0.4324.192 Safari/537.36"
::1 - - [01/Mar/2021:19:28:42 +0000] "GET /undefined HTTP/1.1" 404 148 "http://localhost:8080/" "Mozilla/5.0 (Macintosh; Intel Mac OS X 11_2_2) AppleWebKit/537.36 (KHTML, like Gecko) Chrome/88.0.4324.192 Safari/537.36"
::1 - - [01/Mar/2021:19:28:42 +0000] "GET /undefined HTTP/1.1" 404 148 "http://localhost:8080/" "Mozilla/5.0 (Macintosh; Intel Mac OS X 11_2_2) AppleWebKit/537.36 (KHTML, like Gecko) Chrome/88.0.4324.192 Safari/537.36"
::1 - - [01/Mar/2021:19:28:42 +0000] "GET /undefined HTTP/1.1" 404 148 "http://localhost:8080/" "Mozilla/5.0 (Macintosh; Intel Mac OS X 11_2_2) AppleWebKit/537.36 (KHTML, like Gecko) Chrome/88.0.4324.192 Safari/537.36"
::1 - - [01/Mar/2021:19:28:42 +0000] "GET / HTTP/1.1" 304 - "http://localhost:8080/" "Mozilla/5.0 (Macintosh; Intel Mac OS X 11_2_2) AppleWebKit/537.36 (KHTML, like Gecko) Chrome/88.0.4324.192 Safari/537.36"
::1 - - [01/Mar/2021:19:28:42 +0000] "GET /undefined HTTP/1.1" 404 148 "http://localhost:8080/" "Mozilla/5.0 (Macintosh; Intel Mac OS X 11_2_2) AppleWebKit/537.36 (KHTML, like Gecko) Chrome/88.0.4324.192 Safari/537.36"
::1 - - [01/Mar/2021:19:28:42 +0000] "GET /undefined HTTP/1.1" 404 148 "http://localhost:8080/" "Mozilla/5.0 (Macintosh; Intel Mac OS X 11_2_2) AppleWebKit/537.36 (KHTML, like Gecko) Chrome/88.0.4324.192 Safari/537.36"
::1 - - [01/Mar/2021:19:28:42 +0000] "GET /undefined HTTP/1.1" 404 148 "http://localhost:8080/" "Mozilla/5.0 (Macintosh; Intel Mac OS X 11_2_2) AppleWebKit/537.36 (KHTML, like Gecko) Chrome/88.0.4324.192 Safari/537.36"
::1 - - [01/Mar/2021:19:28:42 +0000] "GET /undefined HTTP/1.1" 404 148 "http://localhost:8080/" "Mozilla/5.0 (Macintosh; Intel Mac OS X 11_2_2) AppleWebKit/537.36 (KHTML, like Gecko) Chrome/88.0.4324.192 Safari/537.36"
::1 - - [01/Mar/2021:19:28:43 +0000] "GET / HTTP/1.1" 304 - "http://localhost:8080/" "Mozilla/5.0 (Macintosh; Intel Mac OS X 11_2_2) AppleWebKit/537.36 (KHTML, like Gecko) Chrome/88.0.4324.192 Safari/537.36"
::1 - - [01/Mar/2021:19:28:43 +0000] "GET /undefined HTTP/1.1" 404 148 "http://localhost:8080/" "Mozilla/5.0 (Macintosh; Intel Mac OS X 11_2_2) AppleWebKit/537.36 (KHTML, like Gecko) Chrome/88.0.4324.192 Safari/537.36"
::1 - - [01/Mar/2021:19:28:43 +0000] "GET /undefined HTTP/1.1" 404 148 "http://localhost:8080/" "Mozilla/5.0 (Macintosh; Intel Mac OS X 11_2_2) AppleWebKit/537.36 (KHTML, like Gecko) Chrome/88.0.4324.192 Safari/537.36"
::1 - - [01/Mar/2021:19:28:43 +0000] "GET /undefined HTTP/1.1" 404 148 "http://localhost:8080/" "Mozilla/5.0 (Macintosh; Intel Mac OS X 11_2_2) AppleWebKit/537.36 (KHTML, like Gecko) Chrome/88.0.4324.192 Safari/537.36"
::1 - - [01/Mar/2021:19:28:44 +0000] "GET /undefined HTTP/1.1" 404 148 "http://localhost:8080/" "Mozilla/5.0 (Macintosh; Intel Mac OS X 11_2_2) AppleWebKit/537.36 (KHTML, like Gecko) Chrome/88.0.4324.192 Safari/537.36"
::1 - - [01/Mar/2021:19:30:56 +0000] "GET / HTTP/1.1" 304 - "http://localhost:8080/" "Mozilla/5.0 (Macintosh; Intel Mac OS X 11_2_2) AppleWebKit/537.36 (KHTML, like Gecko) Chrome/88.0.4324.192 Safari/537.36"
::1 - - [01/Mar/2021:19:30:56 +0000] "GET /undefined HTTP/1.1" 404 148 "http://localhost:8080/" "Mozilla/5.0 (Macintosh; Intel Mac OS X 11_2_2) AppleWebKit/537.36 (KHTML, like Gecko) Chrome/88.0.4324.192 Safari/537.36"
::1 - - [01/Mar/2021:19:30:56 +0000] "GET /undefined HTTP/1.1" 404 148 "http://localhost:8080/" "Mozilla/5.0 (Macintosh; Intel Mac OS X 11_2_2) AppleWebKit/537.36 (KHTML, like Gecko) Chrome/88.0.4324.192 Safari/537.36"
::1 - - [01/Mar/2021:19:30:56 +0000] "GET /undefined HTTP/1.1" 404 148 "http://localhost:8080/" "Mozilla/5.0 (Macintosh; Intel Mac OS X 11_2_2) AppleWebKit/537.36 (KHTML, like Gecko) Chrome/88.0.4324.192 Safari/537.36"
::1 - - [01/Mar/2021:19:30:56 +0000] "GET /undefined HTTP/1.1" 404 148 "http://localhost:8080/" "Mozilla/5.0 (Macintosh; Intel Mac OS X 11_2_2) AppleWebKit/537.36 (KHTML, like Gecko) Chrome/88.0.4324.192 Safari/537.36"
::1 - - [01/Mar/2021:19:30:57 +0000] "GET / HTTP/1.1" 304 - "http://localhost:8080/" "Mozilla/5.0 (Macintosh; Intel Mac OS X 11_2_2) AppleWebKit/537.36 (KHTML, like Gecko) Chrome/88.0.4324.192 Safari/537.36"
::1 - - [01/Mar/2021:19:30:57 +0000] "GET /undefined HTTP/1.1" 404 148 "http://localhost:8080/" "Mozilla/5.0 (Macintosh; Intel Mac OS X 11_2_2) AppleWebKit/537.36 (KHTML, like Gecko) Chrome/88.0.4324.192 Safari/537.36"
::1 - - [01/Mar/2021:19:30:57 +0000] "GET /undefined HTTP/1.1" 404 148 "http://localhost:8080/" "Mozilla/5.0 (Macintosh; Intel Mac OS X 11_2_2) AppleWebKit/537.36 (KHTML, like Gecko) Chrome/88.0.4324.192 Safari/537.36"
::1 - - [01/Mar/2021:19:30:57 +0000] "GET /undefined HTTP/1.1" 404 148 "http://localhost:8080/" "Mozilla/5.0 (Macintosh; Intel Mac OS X 11_2_2) AppleWebKit/537.36 (KHTML, like Gecko) Chrome/88.0.4324.192 Safari/537.36"
::1 - - [01/Mar/2021:19:30:57 +0000] "GET /undefined HTTP/1.1" 404 148 "http://localhost:8080/" "Mozilla/5.0 (Macintosh; Intel Mac OS X 11_2_2) AppleWebKit/537.36 (KHTML, like Gecko) Chrome/88.0.4324.192 Safari/537.36"
::1 - - [01/Mar/2021:19:31:04 +0000] "GET / HTTP/1.1" 304 - "http://localhost:8080/" "Mozilla/5.0 (Macintosh; Intel Mac OS X 11_2_2) AppleWebKit/537.36 (KHTML, like Gecko) Chrome/88.0.4324.192 Safari/537.36"
::1 - - [01/Mar/2021:19:31:04 +0000] "GET /undefined HTTP/1.1" 404 148 "http://localhost:8080/" "Mozilla/5.0 (Macintosh; Intel Mac OS X 11_2_2) AppleWebKit/537.36 (KHTML, like Gecko) Chrome/88.0.4324.192 Safari/537.36"
::1 - - [01/Mar/2021:19:31:04 +0000] "GET /undefined HTTP/1.1" 404 148 "http://localhost:8080/" "Mozilla/5.0 (Macintosh; Intel Mac OS X 11_2_2) AppleWebKit/537.36 (KHTML, like Gecko) Chrome/88.0.4324.192 Safari/537.36"
::1 - - [01/Mar/2021:19:31:04 +0000] "GET /undefined HTTP/1.1" 404 148 "http://localhost:8080/" "Mozilla/5.0 (Macintosh; Intel Mac OS X 11_2_2) AppleWebKit/537.36 (KHTML, like Gecko) Chrome/88.0.4324.192 Safari/537.36"
::1 - - [01/Mar/2021:19:31:04 +0000] "GET /undefined HTTP/1.1" 404 148 "http://localhost:8080/" "Mozilla/5.0 (Macintosh; Intel Mac OS X 11_2_2) AppleWebKit/537.36 (KHTML, like Gecko) Chrome/88.0.4324.192 Safari/537.36"
::1 - - [01/Mar/2021:19:31:04 +0000] "GET / HTTP/1.1" 304 - "http://localhost:8080/" "Mozilla/5.0 (Macintosh; Intel Mac OS X 11_2_2) AppleWebKit/537.36 (KHTML, like Gecko) Chrome/88.0.4324.192 Safari/537.36"
::1 - - [01/Mar/2021:19:31:04 +0000] "GET /undefined HTTP/1.1" 404 148 "http://localhost:8080/" "Mozilla/5.0 (Macintosh; Intel Mac OS X 11_2_2) AppleWebKit/537.36 (KHTML, like Gecko) Chrome/88.0.4324.192 Safari/537.36"
::1 - - [01/Mar/2021:19:31:04 +0000] "GET /undefined HTTP/1.1" 404 148 "http://localhost:8080/" "Mozilla/5.0 (Macintosh; Intel Mac OS X 11_2_2) AppleWebKit/537.36 (KHTML, like Gecko) Chrome/88.0.4324.192 Safari/537.36"
::1 - - [01/Mar/2021:19:31:04 +0000] "GET /undefined HTTP/1.1" 404 148 "http://localhost:8080/" "Mozilla/5.0 (Macintosh; Intel Mac OS X 11_2_2) AppleWebKit/537.36 (KHTML, like Gecko) Chrome/88.0.4324.192 Safari/537.36"
::1 - - [01/Mar/2021:19:31:05 +0000] "GET /undefined HTTP/1.1" 404 148 "http://localhost:8080/" "Mozilla/5.0 (Macintosh; Intel Mac OS X 11_2_2) AppleWebKit/537.36 (KHTML, like Gecko) Chrome/88.0.4324.192 Safari/537.36"
::1 - - [01/Mar/2021:19:33:19 +0000] "GET / HTTP/1.1" 304 - "http://localhost:8080/" "Mozilla/5.0 (Macintosh; Intel Mac OS X 11_2_2) AppleWebKit/537.36 (KHTML, like Gecko) Chrome/88.0.4324.192 Safari/537.36"
::1 - - [01/Mar/2021:19:33:19 +0000] "GET /undefined HTTP/1.1" 404 148 "http://localhost:8080/" "Mozilla/5.0 (Macintosh; Intel Mac OS X 11_2_2) AppleWebKit/537.36 (KHTML, like Gecko) Chrome/88.0.4324.192 Safari/537.36"
::1 - - [01/Mar/2021:19:33:19 +0000] "GET /undefined HTTP/1.1" 404 148 "http://localhost:8080/" "Mozilla/5.0 (Macintosh; Intel Mac OS X 11_2_2) AppleWebKit/537.36 (KHTML, like Gecko) Chrome/88.0.4324.192 Safari/537.36"
::1 - - [01/Mar/2021:19:33:19 +0000] "GET /undefined HTTP/1.1" 404 148 "http://localhost:8080/" "Mozilla/5.0 (Macintosh; Intel Mac OS X 11_2_2) AppleWebKit/537.36 (KHTML, like Gecko) Chrome/88.0.4324.192 Safari/537.36"
::1 - - [01/Mar/2021:19:33:19 +0000] "GET /undefined HTTP/1.1" 404 148 "http://localhost:8080/" "Mozilla/5.0 (Macintosh; Intel Mac OS X 11_2_2) AppleWebKit/537.36 (KHTML, like Gecko) Chrome/88.0.4324.192 Safari/537.36"
::1 - - [01/Mar/2021:19:57:03 +0000] "GET / HTTP/1.1" 200 3129 "http://localhost:8080/" "Mozilla/5.0 (Macintosh; Intel Mac OS X 11_2_2) AppleWebKit/537.36 (KHTML, like Gecko) Chrome/88.0.4324.192 Safari/537.36"
::1 - - [01/Mar/2021:19:57:04 +0000] "GET / HTTP/1.1" 304 - "http://localhost:8080/" "Mozilla/5.0 (Macintosh; Intel Mac OS X 11_2_2) AppleWebKit/537.36 (KHTML, like Gecko) Chrome/88.0.4324.192 Safari/537.36"
::1 - - [01/Mar/2021:19:57:04 +0000] "GET / HTTP/1.1" 304 - "http://localhost:8080/" "Mozilla/5.0 (Macintosh; Intel Mac OS X 11_2_2) AppleWebKit/537.36 (KHTML, like Gecko) Chrome/88.0.4324.192 Safari/537.36"
::1 - - [01/Mar/2021:19:57:05 +0000] "GET / HTTP/1.1" 304 - "http://localhost:8080/" "Mozilla/5.0 (Macintosh; Intel Mac OS X 11_2_2) AppleWebKit/537.36 (KHTML, like Gecko) Chrome/88.0.4324.192 Safari/537.36"
::1 - - [01/Mar/2021:19:57:06 +0000] "GET / HTTP/1.1" 304 - "http://localhost:8080/" "Mozilla/5.0 (Macintosh; Intel Mac OS X 11_2_2) AppleWebKit/537.36 (KHTML, like Gecko) Chrome/88.0.4324.192 Safari/537.36"
::1 - - [01/Mar/2021:19:57:06 +0000] "GET / HTTP/1.1" 304 - "http://localhost:8080/" "Mozilla/5.0 (Macintosh; Intel Mac OS X 11_2_2) AppleWebKit/537.36 (KHTML, like Gecko) Chrome/88.0.4324.192 Safari/537.36"
::1 - - [01/Mar/2021:19:57:06 +0000] "GET / HTTP/1.1" 304 - "http://localhost:8080/" "Mozilla/5.0 (Macintosh; Intel Mac OS X 11_2_2) AppleWebKit/537.36 (KHTML, like Gecko) Chrome/88.0.4324.192 Safari/537.36"
::1 - - [01/Mar/2021:20:13:29 +0000] "GET / HTTP/1.1" 304 - "http://localhost:8080/" "Mozilla/5.0 (Macintosh; Intel Mac OS X 11_2_2) AppleWebKit/537.36 (KHTML, like Gecko) Chrome/88.0.4324.192 Safari/537.36"
::1 - - [01/Mar/2021:20:13:47 +0000] "GET / HTTP/1.1" 304 - "http://localhost:8080/" "Mozilla/5.0 (Macintosh; Intel Mac OS X 11_2_2) AppleWebKit/537.36 (KHTML, like Gecko) Chrome/88.0.4324.192 Safari/537.36"
::1 - - [01/Mar/2021:20:13:47 +0000] "GET / HTTP/1.1" 304 - "http://localhost:8080/" "Mozilla/5.0 (Macintosh; Intel Mac OS X 11_2_2) AppleWebKit/537.36 (KHTML, like Gecko) Chrome/88.0.4324.192 Safari/537.36"
::1 - - [01/Mar/2021:20:13:48 +0000] "GET / HTTP/1.1" 304 - "http://localhost:8080/" "Mozilla/5.0 (Macintosh; Intel Mac OS X 11_2_2) AppleWebKit/537.36 (KHTML, like Gecko) Chrome/88.0.4324.192 Safari/537.36"
::1 - - [01/Mar/2021:20:13:49 +0000] "GET / HTTP/1.1" 304 - "http://localhost:8080/" "Mozilla/5.0 (Macintosh; Intel Mac OS X 11_2_2) AppleWebKit/537.36 (KHTML, like Gecko) Chrome/88.0.4324.192 Safari/537.36"
::1 - - [01/Mar/2021:20:14:50 +0000] "GET / HTTP/1.1" 304 - "http://localhost:8080/" "Mozilla/5.0 (Macintosh; Intel Mac OS X 11_2_2) AppleWebKit/537.36 (KHTML, like Gecko) Chrome/88.0.4324.192 Safari/537.36"
::1 - - [01/Mar/2021:20:14:51 +0000] "GET / HTTP/1.1" 304 - "http://localhost:8080/" "Mozilla/5.0 (Macintosh; Intel Mac OS X 11_2_2) AppleWebKit/537.36 (KHTML, like Gecko) Chrome/88.0.4324.192 Safari/537.36"
::1 - - [02/Mar/2021:07:44:27 +0000] "GET / HTTP/1.1" 304 - "http://localhost:8080/" "Mozilla/5.0 (Macintosh; Intel Mac OS X 11_2_2) AppleWebKit/537.36 (KHTML, like Gecko) Chrome/88.0.4324.192 Safari/537.36"
::1 - - [02/Mar/2021:08:00:19 +0000] "GET / HTTP/1.1" 200 3049 "http://localhost:8080/" "Mozilla/5.0 (Macintosh; Intel Mac OS X 11_2_2) AppleWebKit/537.36 (KHTML, like Gecko) Chrome/88.0.4324.192 Safari/537.36"
::1 - - [02/Mar/2021:08:00:19 +0000] "GET /undefined HTTP/1.1" 404 148 "http://localhost:8080/" "Mozilla/5.0 (Macintosh; Intel Mac OS X 11_2_2) AppleWebKit/537.36 (KHTML, like Gecko) Chrome/88.0.4324.192 Safari/537.36"
::1 - - [02/Mar/2021:08:00:39 +0000] "GET / HTTP/1.1" 200 3046 "http://localhost:8080/" "Mozilla/5.0 (Macintosh; Intel Mac OS X 11_2_2) AppleWebKit/537.36 (KHTML, like Gecko) Chrome/88.0.4324.192 Safari/537.36"
::1 - - [02/Mar/2021:08:00:39 +0000] "GET /undefined HTTP/1.1" 404 148 "http://localhost:8080/" "Mozilla/5.0 (Macintosh; Intel Mac OS X 11_2_2) AppleWebKit/537.36 (KHTML, like Gecko) Chrome/88.0.4324.192 Safari/537.36"
::1 - - [02/Mar/2021:08:00:39 +0000] "GET /undefined HTTP/1.1" 404 148 "http://localhost:8080/" "Mozilla/5.0 (Macintosh; Intel Mac OS X 11_2_2) AppleWebKit/537.36 (KHTML, like Gecko) Chrome/88.0.4324.192 Safari/537.36"
::1 - - [02/Mar/2021:08:00:39 +0000] "GET /undefined HTTP/1.1" 404 148 "http://localhost:8080/" "Mozilla/5.0 (Macintosh; Intel Mac OS X 11_2_2) AppleWebKit/537.36 (KHTML, like Gecko) Chrome/88.0.4324.192 Safari/537.36"
::1 - - [02/Mar/2021:08:00:39 +0000] "GET /undefined HTTP/1.1" 404 148 "http://localhost:8080/" "Mozilla/5.0 (Macintosh; Intel Mac OS X 11_2_2) AppleWebKit/537.36 (KHTML, like Gecko) Chrome/88.0.4324.192 Safari/537.36"
::1 - - [02/Mar/2021:08:03:01 +0000] "GET / HTTP/1.1" 304 - "http://localhost:8080/" "Mozilla/5.0 (Macintosh; Intel Mac OS X 11_2_2) AppleWebKit/537.36 (KHTML, like Gecko) Chrome/88.0.4324.192 Safari/537.36"
::1 - - [02/Mar/2021:08:03:01 +0000] "GET /undefined HTTP/1.1" 404 148 "http://localhost:8080/" "Mozilla/5.0 (Macintosh; Intel Mac OS X 11_2_2) AppleWebKit/537.36 (KHTML, like Gecko) Chrome/88.0.4324.192 Safari/537.36"
::1 - - [02/Mar/2021:08:03:01 +0000] "GET /undefined HTTP/1.1" 404 148 "http://localhost:8080/" "Mozilla/5.0 (Macintosh; Intel Mac OS X 11_2_2) AppleWebKit/537.36 (KHTML, like Gecko) Chrome/88.0.4324.192 Safari/537.36"
::1 - - [02/Mar/2021:08:03:01 +0000] "GET /undefined HTTP/1.1" 404 148 "http://localhost:8080/" "Mozilla/5.0 (Macintosh; Intel Mac OS X 11_2_2) AppleWebKit/537.36 (KHTML, like Gecko) Chrome/88.0.4324.192 Safari/537.36"
::1 - - [02/Mar/2021:08:03:01 +0000] "GET /undefined HTTP/1.1" 404 148 "http://localhost:8080/" "Mozilla/5.0 (Macintosh; Intel Mac OS X 11_2_2) AppleWebKit/537.36 (KHTML, like Gecko) Chrome/88.0.4324.192 Safari/537.36"
::1 - - [02/Mar/2021:08:17:20 +0000] "GET /css/footer-f113dfa25c.css HTTP/1.1" 404 164 "-" "Mozilla/5.0 (Macintosh; Intel Mac OS X 11_2_2) AppleWebKit/537.36 (KHTML, like Gecko) Chrome/88.0.4324.192 Safari/537.36"
::1 - - [02/Mar/2021:08:17:27 +0000] "GET /css/layout-3b2d76370c.css HTTP/1.1" 404 164 "-" "Mozilla/5.0 (Macintosh; Intel Mac OS X 11_2_2) AppleWebKit/537.36 (KHTML, like Gecko) Chrome/88.0.4324.192 Safari/537.36"
::1 - - [02/Mar/2021:08:17:35 +0000] "GET / HTTP/1.1" 200 3046 "http://localhost:8080/" "Mozilla/5.0 (Macintosh; Intel Mac OS X 11_2_2) AppleWebKit/537.36 (KHTML, like Gecko) Chrome/88.0.4324.192 Safari/537.36"
::1 - - [02/Mar/2021:08:17:35 +0000] "GET /undefined HTTP/1.1" 404 148 "http://localhost:8080/" "Mozilla/5.0 (Macintosh; Intel Mac OS X 11_2_2) AppleWebKit/537.36 (KHTML, like Gecko) Chrome/88.0.4324.192 Safari/537.36"
::1 - - [02/Mar/2021:08:17:35 +0000] "GET /undefined HTTP/1.1" 404 148 "http://localhost:8080/" "Mozilla/5.0 (Macintosh; Intel Mac OS X 11_2_2) AppleWebKit/537.36 (KHTML, like Gecko) Chrome/88.0.4324.192 Safari/537.36"
::1 - - [02/Mar/2021:08:17:35 +0000] "GET /undefined HTTP/1.1" 404 148 "http://localhost:8080/" "Mozilla/5.0 (Macintosh; Intel Mac OS X 11_2_2) AppleWebKit/537.36 (KHTML, like Gecko) Chrome/88.0.4324.192 Safari/537.36"
::1 - - [02/Mar/2021:08:17:35 +0000] "GET /undefined HTTP/1.1" 404 148 "http://localhost:8080/" "Mozilla/5.0 (Macintosh; Intel Mac OS X 11_2_2) AppleWebKit/537.36 (KHTML, like Gecko) Chrome/88.0.4324.192 Safari/537.36"
::1 - - [02/Mar/2021:08:17:53 +0000] "GET / HTTP/1.1" 304 - "http://localhost:8080/" "Mozilla/5.0 (Macintosh; Intel Mac OS X 11_2_2) AppleWebKit/537.36 (KHTML, like Gecko) Chrome/88.0.4324.192 Safari/537.36"
::1 - - [02/Mar/2021:08:17:54 +0000] "GET /undefined HTTP/1.1" 404 148 "http://localhost:8080/" "Mozilla/5.0 (Macintosh; Intel Mac OS X 11_2_2) AppleWebKit/537.36 (KHTML, like Gecko) Chrome/88.0.4324.192 Safari/537.36"
::1 - - [02/Mar/2021:08:17:54 +0000] "GET /undefined HTTP/1.1" 404 148 "http://localhost:8080/" "Mozilla/5.0 (Macintosh; Intel Mac OS X 11_2_2) AppleWebKit/537.36 (KHTML, like Gecko) Chrome/88.0.4324.192 Safari/537.36"
::1 - - [02/Mar/2021:08:17:54 +0000] "GET /undefined HTTP/1.1" 404 148 "http://localhost:8080/" "Mozilla/5.0 (Macintosh; Intel Mac OS X 11_2_2) AppleWebKit/537.36 (KHTML, like Gecko) Chrome/88.0.4324.192 Safari/537.36"
::1 - - [02/Mar/2021:08:17:54 +0000] "GET /undefined HTTP/1.1" 404 148 "http://localhost:8080/" "Mozilla/5.0 (Macintosh; Intel Mac OS X 11_2_2) AppleWebKit/537.36 (KHTML, like Gecko) Chrome/88.0.4324.192 Safari/537.36"
::1 - - [02/Mar/2021:08:18:06 +0000] "GET / HTTP/1.1" 304 - "http://localhost:8080/" "Mozilla/5.0 (Macintosh; Intel Mac OS X 11_2_2) AppleWebKit/537.36 (KHTML, like Gecko) Chrome/88.0.4324.192 Safari/537.36"
::1 - - [02/Mar/2021:08:18:06 +0000] "GET /undefined HTTP/1.1" 404 148 "http://localhost:8080/" "Mozilla/5.0 (Macintosh; Intel Mac OS X 11_2_2) AppleWebKit/537.36 (KHTML, like Gecko) Chrome/88.0.4324.192 Safari/537.36"
::1 - - [02/Mar/2021:08:18:06 +0000] "GET /undefined HTTP/1.1" 404 148 "http://localhost:8080/" "Mozilla/5.0 (Macintosh; Intel Mac OS X 11_2_2) AppleWebKit/537.36 (KHTML, like Gecko) Chrome/88.0.4324.192 Safari/537.36"
::1 - - [02/Mar/2021:08:18:06 +0000] "GET /undefined HTTP/1.1" 404 148 "http://localhost:8080/" "Mozilla/5.0 (Macintosh; Intel Mac OS X 11_2_2) AppleWebKit/537.36 (KHTML, like Gecko) Chrome/88.0.4324.192 Safari/537.36"
::1 - - [02/Mar/2021:08:18:06 +0000] "GET /undefined HTTP/1.1" 404 148 "http://localhost:8080/" "Mozilla/5.0 (Macintosh; Intel Mac OS X 11_2_2) AppleWebKit/537.36 (KHTML, like Gecko) Chrome/88.0.4324.192 Safari/537.36"
::1 - - [02/Mar/2021:08:51:54 +0000] "GET / HTTP/1.1" 200 3129 "http://localhost:8080/" "Mozilla/5.0 (Macintosh; Intel Mac OS X 11_2_2) AppleWebKit/537.36 (KHTML, like Gecko) Chrome/88.0.4324.192 Safari/537.36"
::1 - - [02/Mar/2021:08:52:01 +0000] "GET /users/sign-in HTTP/1.1" 200 2363 "http://localhost:8080/" "Mozilla/5.0 (Macintosh; Intel Mac OS X 11_2_2) AppleWebKit/537.36 (KHTML, like Gecko) Chrome/88.0.4324.192 Safari/537.36"
::1 - - [02/Mar/2021:08:52:02 +0000] "GET / HTTP/1.1" 304 - "http://localhost:8080/users/sign-in" "Mozilla/5.0 (Macintosh; Intel Mac OS X 11_2_2) AppleWebKit/537.36 (KHTML, like Gecko) Chrome/88.0.4324.192 Safari/537.36"
[0mGET / [32m200[0m 51.504 ms - 8032[0m
[0mGET / [36m304[0m 16.588 ms - -[0m
[0mGET / [36m304[0m 14.888 ms - -[0m
[0mGET /users/sign-in [32m200[0m 3.892 ms - 2327[0m
[0mGET /users/css/header.css [33m404[0m 4.993 ms - 159[0m
[0mGET /users/css/footer.css [33m404[0m 11.360 ms - 159[0m
[0mGET /users/css/layout.css [33m404[0m 15.910 ms - 159[0m
[0mGET /users/sign-in [36m304[0m 6.090 ms - -[0m
[0mGET /users/css/layout.css [33m404[0m 9.932 ms - 159[0m
[0mGET /users/css/footer.css [33m404[0m 7.451 ms - 159[0m
[0mGET /users/css/header.css [33m404[0m 31.984 ms - 159[0m
[0mGET / [36m304[0m 25.764 ms - -[0m
[0mGET / [36m304[0m 20.181 ms - -[0m
[0mGET / [36m304[0m 23.291 ms - -[0m
[0mGET / [36m304[0m 21.255 ms - -[0m
[0mGET /users/sign-in [36m304[0m 3.485 ms - -[0m
[0mGET /users/css/layout.css [33m404[0m 4.138 ms - 159[0m
[0mGET /users/css/header.css [33m404[0m 4.711 ms - 159[0m
[0mGET /users/css/footer.css [33m404[0m 5.084 ms - 159[0m
[0mGET /users/css/layout.css [33m404[0m 12.833 ms - 159[0m
[0mGET /users/css/footer.css [33m404[0m 8.652 ms - 159[0m
[0mGET /users/css/header.css [33m404[0m 11.787 ms - 159[0m
[0mGET /users/sign-in [36m304[0m 24.981 ms - -[0m
[0mGET /users/css/layout.css [33m404[0m 13.086 ms - 159[0m
[0mGET /users/css/footer.css [33m404[0m 31.209 ms - 159[0m
[0mGET /users/css/header.css [33m404[0m 26.620 ms - 159[0m
[0mGET / [36m304[0m 40.998 ms - -[0m
[0mGET /users/sign-in [36m304[0m 3.583 ms - -[0m
[0mGET /users/css/footer.css [33m404[0m 3.285 ms - 159[0m
[0mGET /users/css/layout.css [33m404[0m 10.988 ms - 159[0m
[0mGET /users/css/header.css [33m404[0m 20.552 ms - 159[0m
[0mGET /users/css/layout.css [33m404[0m 11.279 ms - 159[0m
[0mGET /users/css/footer.css [33m404[0m 15.949 ms - 159[0m
[0mGET /users/css/header.css [33m404[0m 17.787 ms - 159[0m
[0mGET /users/css/layout.css [33m404[0m 2.644 ms - 159[0m
[0mGET /users/sign-in [32m200[0m 20.797 ms - 2330[0m
[0mGET / [32m200[0m 50.867 ms - 8041[0m
::1 - - [02/Mar/2021:08:58:30 +0000] "GET / HTTP/1.1" 200 3129 "http://localhost:8080/users/sign-in" "Mozilla/5.0 (Macintosh; Intel Mac OS X 11_2_2) AppleWebKit/537.36 (KHTML, like Gecko) Chrome/88.0.4324.192 Safari/537.36"
::1 - - [02/Mar/2021:09:30:51 +0000] "GET / HTTP/1.1" 304 - "http://localhost:8080/" "Mozilla/5.0 (Macintosh; Intel Mac OS X 11_2_2) AppleWebKit/537.36 (KHTML, like Gecko) Chrome/88.0.4324.192 Safari/537.36"
::1 - - [02/Mar/2021:09:30:53 +0000] "GET /users/sign-in HTTP/1.1" 200 2363 "http://localhost:8080/" "Mozilla/5.0 (Macintosh; Intel Mac OS X 11_2_2) AppleWebKit/537.36 (KHTML, like Gecko) Chrome/88.0.4324.192 Safari/537.36"
::1 - - [02/Mar/2021:09:30:54 +0000] "GET /users/sign-up HTTP/1.1" 200 2444 "http://localhost:8080/users/sign-in" "Mozilla/5.0 (Macintosh; Intel Mac OS X 11_2_2) AppleWebKit/537.36 (KHTML, like Gecko) Chrome/88.0.4324.192 Safari/537.36"
::1 - - [02/Mar/2021:09:30:55 +0000] "GET / HTTP/1.1" 304 - "http://localhost:8080/users/sign-up" "Mozilla/5.0 (Macintosh; Intel Mac OS X 11_2_2) AppleWebKit/537.36 (KHTML, like Gecko) Chrome/88.0.4324.192 Safari/537.36"
[0mGET / [32m200[0m 108.415 ms - 8041[0m
[0mGET /favicon.ico [33m404[0m 7.457 ms - 150[0m
[0mGET /api/v1/posts/ [32m200[0m 15.060 ms - 3260[0m
[0mGET /api/v1/posts/ [32m200[0m 13.508 ms - 3260[0m
[0mGET /api/v1/posts/ [32m200[0m 10.732 ms - 3260[0m
[0mGET /api/v1/posts/ [32m200[0m 43.327 ms - 3260[0m
[0mGET /api/v1/posts/ [32m200[0m 12.587 ms - 3260[0m
[0mGET /api/v1/posts/ [32m200[0m 13.972 ms - 3260[0m
[0mGET /api/v1/posts/ [36m304[0m 40.264 ms - -[0m
[0mGET /api/v1/posts/ [36m304[0m 16.266 ms - -[0m
[0mGET /api/v1/posts/ [36m304[0m 22.060 ms - -[0m
[0mGET /api/v1/posts/ [36m304[0m 16.434 ms - -[0m
[0mGET /api/v1/posts/ [36m304[0m 20.820 ms - -[0m
[0mGET /api/v1/posts/ [36m304[0m 11.054 ms - -[0m
[0mGET /api/v1/posts/ [36m304[0m 7.862 ms - -[0m
[0mGET /api/v1/posts/ [36m304[0m 18.646 ms - -[0m
[0mGET /api/v1/posts/ [36m304[0m 49.015 ms - -[0m
[0mGET /api/v1/posts/ [36m304[0m 18.617 ms - -[0m
[0mGET /api/v1/posts/ [36m304[0m 46.198 ms - -[0m
[0mGET /api/v1/posts/ [36m304[0m 44.239 ms - -[0m
[0mGET /api/v1/posts/ [36m304[0m 39.916 ms - -[0m
[0mGET /api/v1/posts/ [36m304[0m 74.065 ms - -[0m
[0mGET /api/v1/posts/ [36m304[0m 42.652 ms - -[0m
[0mGET /api/v1/posts/ [36m304[0m 16.620 ms - -[0m
[0mGET /api/v1/posts/ [36m304[0m 13.964 ms - -[0m
[0mGET /api/v1/posts/ [36m304[0m 14.118 ms - -[0m
[0mGET /api/v1/posts/ [36m304[0m 28.717 ms - -[0m
[0mGET /api/v1/posts/ [36m304[0m 11.698 ms - -[0m
[0mGET /api/v1/posts/ [36m304[0m 9.454 ms - -[0m
[0mGET /api/v1/posts/ [36m304[0m 11.252 ms - -[0m
[0mGET /api/v1/posts/ [36m304[0m 8.569 ms - -[0m
[0mGET /api/v1/posts/ [36m304[0m 10.913 ms - -[0m
[0mGET /api/v1/posts/ [36m304[0m 11.876 ms - -[0m
[0mGET /api/v1/posts/ [36m304[0m 10.847 ms - -[0m
[0mGET /api/v1/posts/ [36m304[0m 40.162 ms - -[0m
[0mGET /api/v1/posts/ [36m304[0m 46.370 ms - -[0m
[0mGET /api/v1/posts/ [36m304[0m 29.621 ms - -[0m
[0mGET /api/v1/posts/ [36m304[0m 9.684 ms - -[0m
[0mGET /api/v1/posts/ [36m304[0m 9.505 ms - -[0m
[0mGET /api/v1/posts/ [36m304[0m 32.761 ms - -[0m
[0mGET /api/v1/posts/ [36m304[0m 30.040 ms - -[0m
[0mGET /api/v1/posts/ [36m304[0m 26.208 ms - -[0m
[0mGET /api/v1/posts/ [36m304[0m 22.305 ms - -[0m
[0mGET /api/v1/posts/ [36m304[0m 27.771 ms - -[0m
[0mGET /api/v1/posts/ [36m304[0m 11.976 ms - -[0m
[0mGET /api/v1/posts/ [36m304[0m 9.682 ms - -[0m
[0mGET /api/v1/posts/ [36m304[0m 36.672 ms - -[0m
[0mGET /api/v1/posts/ [36m304[0m 28.304 ms - -[0m
[0mGET /api/v1/posts/ [36m304[0m 9.713 ms - -[0m
[0mGET /api/v1/posts/ [36m304[0m 9.262 ms - -[0m
[0mGET /api/v1/posts/ [36m304[0m 15.575 ms - -[0m
[0mGET /api/v1/posts/ [36m304[0m 10.284 ms - -[0m
[0mGET /api/v1/posts/ [36m304[0m 15.898 ms - -[0m
[0mGET /api/v1/posts/ [36m304[0m 15.819 ms - -[0m
[0mGET /api/v1/posts/ [36m304[0m 13.332 ms - -[0m
[0mGET /api/v1/posts/ [36m304[0m 14.619 ms - -[0m
[0mGET /api/v1/posts/ [36m304[0m 38.258 ms - -[0m
[0mGET /api/v1/posts/ [36m304[0m 7.007 ms - -[0m
[0mGET /api/v1/posts/ [36m304[0m 13.925 ms - -[0m
[0mGET /api/v1/posts/ [36m304[0m 17.964 ms - -[0m
[0mGET /api/v1/posts/ [36m304[0m 67.655 ms - -[0m
[0mGET /api/v1/posts/ [36m304[0m 10.482 ms - -[0m
[0mGET /api/v1/posts/ [36m304[0m 8.659 ms - -[0m
[0mGET /api/v1/posts/ [36m304[0m 18.545 ms - -[0m
[0mGET /api/v1/posts/ [36m304[0m 20.967 ms - -[0m
[0mGET /api/v1/posts/ [36m304[0m 56.154 ms - -[0m
[0mGET /api/v1/posts/ [36m304[0m 41.744 ms - -[0m
[0mGET /api/v1/posts/ [36m304[0m 7.498 ms - -[0m
[0mGET /api/v1/posts/ [36m304[0m 17.067 ms - -[0m
[0mGET /api/v1/posts/ [36m304[0m 19.629 ms - -[0m
[0mGET /api/v1/posts/ [36m304[0m 19.803 ms - -[0m
[0mGET /api/v1/posts/ [36m304[0m 33.896 ms - -[0m
[0mGET /api/v1/posts/ [36m304[0m 33.290 ms - -[0m
[0mGET /users/sign-in [32m200[0m 45.204 ms - 2330[0m
[0mPOST /users/create-session [36m302[0m 18.967 ms - 72[0m
[0mGET /users/sign-in [32m200[0m 2.135 ms - 2597[0m
[0mPOST /users/create-session [36m302[0m 5.601 ms - 46[0m
[0mGET / [32m200[0m 17.967 ms - 12151[0m
[0mPOST /posts/create [32m200[0m 25.463 ms - 295[0m
[0mPOST /likes/toggle/?id=60636dee31ede405aac194d0&type=Post [32m200[0m 11.951 ms - 58[0m
[0mPOST /likes/toggle/?id=60636dee31ede405aac194d0&type=Post [32m200[0m 9.387 ms - 57[0m
[0mPOST /likes/toggle/?id=60636dee31ede405aac194d0&type=Post [32m200[0m 8.067 ms - 58[0m
[0mGET /api/v1/posts/ [32m200[0m 33.698 ms - 3697[0m
[0mGET /api/v1/posts/ [36m304[0m 38.420 ms - -[0m
