::1 - - [28/Feb/2021:19:34:55 +0000] "GET / HTTP/1.1" 304 - "http://localhost:8080/" "Mozilla/5.0 (Macintosh; Intel Mac OS X 11_2_2) AppleWebKit/537.36 (KHTML, like Gecko) Chrome/88.0.4324.192 Safari/537.36"
::1 - - [28/Feb/2021:19:34:55 +0000] "GET /css/layout.css HTTP/1.1" 404 153 "http://localhost:8080/" "Mozilla/5.0 (Macintosh; Intel Mac OS X 11_2_2) AppleWebKit/537.36 (KHTML, like Gecko) Chrome/88.0.4324.192 Safari/537.36"
::1 - - [28/Feb/2021:19:34:55 +0000] "GET /css/header.css HTTP/1.1" 404 153 "http://localhost:8080/" "Mozilla/5.0 (Macintosh; Intel Mac OS X 11_2_2) AppleWebKit/537.36 (KHTML, like Gecko) Chrome/88.0.4324.192 Safari/537.36"
::1 - - [28/Feb/2021:19:34:55 +0000] "GET /css/footer.css HTTP/1.1" 404 153 "http://localhost:8080/" "Mozilla/5.0 (Macintosh; Intel Mac OS X 11_2_2) AppleWebKit/537.36 (KHTML, like Gecko) Chrome/88.0.4324.192 Safari/537.36"
::1 - - [28/Feb/2021:19:34:55 +0000] "GET /css/home.css HTTP/1.1" 404 151 "http://localhost:8080/" "Mozilla/5.0 (Macintosh; Intel Mac OS X 11_2_2) AppleWebKit/537.36 (KHTML, like Gecko) Chrome/88.0.4324.192 Safari/537.36"
::1 - - [28/Feb/2021:19:34:55 +0000] "GET /css/chat_box.css HTTP/1.1" 404 155 "http://localhost:8080/" "Mozilla/5.0 (Macintosh; Intel Mac OS X 11_2_2) AppleWebKit/537.36 (KHTML, like Gecko) Chrome/88.0.4324.192 Safari/537.36"
::1 - - [28/Feb/2021:19:34:55 +0000] "GET /js/home_post_comments.js HTTP/1.1" 404 163 "http://localhost:8080/" "Mozilla/5.0 (Macintosh; Intel Mac OS X 11_2_2) AppleWebKit/537.36 (KHTML, like Gecko) Chrome/88.0.4324.192 Safari/537.36"
::1 - - [28/Feb/2021:19:34:55 +0000] "GET /js/home_posts.js HTTP/1.1" 404 155 "http://localhost:8080/" "Mozilla/5.0 (Macintosh; Intel Mac OS X 11_2_2) AppleWebKit/537.36 (KHTML, like Gecko) Chrome/88.0.4324.192 Safari/537.36"
::1 - - [28/Feb/2021:19:34:55 +0000] "GET /js/toggle_likes.js HTTP/1.1" 404 157 "http://localhost:8080/" "Mozilla/5.0 (Macintosh; Intel Mac OS X 11_2_2) AppleWebKit/537.36 (KHTML, like Gecko) Chrome/88.0.4324.192 Safari/537.36"
::1 - - [28/Feb/2021:19:34:55 +0000] "GET /js/chat_engine.js HTTP/1.1" 404 156 "http://localhost:8080/" "Mozilla/5.0 (Macintosh; Intel Mac OS X 11_2_2) AppleWebKit/537.36 (KHTML, like Gecko) Chrome/88.0.4324.192 Safari/537.36"
::1 - - [28/Feb/2021:19:34:57 +0000] "GET / HTTP/1.1" 304 - "http://localhost:8080/" "Mozilla/5.0 (Macintosh; Intel Mac OS X 11_2_2) AppleWebKit/537.36 (KHTML, like Gecko) Chrome/88.0.4324.192 Safari/537.36"
::1 - - [28/Feb/2021:19:34:57 +0000] "GET /css/layout.css HTTP/1.1" 404 153 "http://localhost:8080/" "Mozilla/5.0 (Macintosh; Intel Mac OS X 11_2_2) AppleWebKit/537.36 (KHTML, like Gecko) Chrome/88.0.4324.192 Safari/537.36"
::1 - - [28/Feb/2021:19:34:57 +0000] "GET /css/header.css HTTP/1.1" 404 153 "http://localhost:8080/" "Mozilla/5.0 (Macintosh; Intel Mac OS X 11_2_2) AppleWebKit/537.36 (KHTML, like Gecko) Chrome/88.0.4324.192 Safari/537.36"
::1 - - [28/Feb/2021:19:34:57 +0000] "GET /css/footer.css HTTP/1.1" 404 153 "http://localhost:8080/" "Mozilla/5.0 (Macintosh; Intel Mac OS X 11_2_2) AppleWebKit/537.36 (KHTML, like Gecko) Chrome/88.0.4324.192 Safari/537.36"
::1 - - [28/Feb/2021:19:34:57 +0000] "GET /css/home.css HTTP/1.1" 404 151 "http://localhost:8080/" "Mozilla/5.0 (Macintosh; Intel Mac OS X 11_2_2) AppleWebKit/537.36 (KHTML, like Gecko) Chrome/88.0.4324.192 Safari/537.36"
::1 - - [28/Feb/2021:19:34:57 +0000] "GET /css/chat_box.css HTTP/1.1" 404 155 "http://localhost:8080/" "Mozilla/5.0 (Macintosh; Intel Mac OS X 11_2_2) AppleWebKit/537.36 (KHTML, like Gecko) Chrome/88.0.4324.192 Safari/537.36"
::1 - - [28/Feb/2021:19:34:57 +0000] "GET /js/home_post_comments.js HTTP/1.1" 404 163 "http://localhost:8080/" "Mozilla/5.0 (Macintosh; Intel Mac OS X 11_2_2) AppleWebKit/537.36 (KHTML, like Gecko) Chrome/88.0.4324.192 Safari/537.36"
::1 - - [28/Feb/2021:19:34:57 +0000] "GET /js/home_posts.js HTTP/1.1" 404 155 "http://localhost:8080/" "Mozilla/5.0 (Macintosh; Intel Mac OS X 11_2_2) AppleWebKit/537.36 (KHTML, like Gecko) Chrome/88.0.4324.192 Safari/537.36"
::1 - - [28/Feb/2021:19:34:57 +0000] "GET /js/toggle_likes.js HTTP/1.1" 404 157 "http://localhost:8080/" "Mozilla/5.0 (Macintosh; Intel Mac OS X 11_2_2) AppleWebKit/537.36 (KHTML, like Gecko) Chrome/88.0.4324.192 Safari/537.36"
::1 - - [28/Feb/2021:19:34:57 +0000] "GET /js/chat_engine.js HTTP/1.1" 404 156 "http://localhost:8080/" "Mozilla/5.0 (Macintosh; Intel Mac OS X 11_2_2) AppleWebKit/537.36 (KHTML, like Gecko) Chrome/88.0.4324.192 Safari/537.36"
::1 - - [28/Feb/2021:19:35:15 +0000] "GET / HTTP/1.1" 304 - "-" "Mozilla/5.0 (Macintosh; Intel Mac OS X 11_2_2) AppleWebKit/537.36 (KHTML, like Gecko) Chrome/88.0.4324.192 Safari/537.36"
::1 - - [28/Feb/2021:19:35:15 +0000] "GET /css/layout.css HTTP/1.1" 404 153 "http://localhost:8080/" "Mozilla/5.0 (Macintosh; Intel Mac OS X 11_2_2) AppleWebKit/537.36 (KHTML, like Gecko) Chrome/88.0.4324.192 Safari/537.36"
::1 - - [28/Feb/2021:19:35:15 +0000] "GET /css/header.css HTTP/1.1" 404 153 "http://localhost:8080/" "Mozilla/5.0 (Macintosh; Intel Mac OS X 11_2_2) AppleWebKit/537.36 (KHTML, like Gecko) Chrome/88.0.4324.192 Safari/537.36"
::1 - - [28/Feb/2021:19:35:15 +0000] "GET /css/footer.css HTTP/1.1" 404 153 "http://localhost:8080/" "Mozilla/5.0 (Macintosh; Intel Mac OS X 11_2_2) AppleWebKit/537.36 (KHTML, like Gecko) Chrome/88.0.4324.192 Safari/537.36"
::1 - - [28/Feb/2021:19:35:15 +0000] "GET /css/chat_box.css HTTP/1.1" 404 155 "http://localhost:8080/" "Mozilla/5.0 (Macintosh; Intel Mac OS X 11_2_2) AppleWebKit/537.36 (KHTML, like Gecko) Chrome/88.0.4324.192 Safari/537.36"
::1 - - [28/Feb/2021:19:35:15 +0000] "GET /css/home.css HTTP/1.1" 404 151 "http://localhost:8080/" "Mozilla/5.0 (Macintosh; Intel Mac OS X 11_2_2) AppleWebKit/537.36 (KHTML, like Gecko) Chrome/88.0.4324.192 Safari/537.36"
::1 - - [28/Feb/2021:19:35:15 +0000] "GET /js/home_post_comments.js HTTP/1.1" 404 163 "http://localhost:8080/" "Mozilla/5.0 (Macintosh; Intel Mac OS X 11_2_2) AppleWebKit/537.36 (KHTML, like Gecko) Chrome/88.0.4324.192 Safari/537.36"
::1 - - [28/Feb/2021:19:35:15 +0000] "GET /js/home_posts.js HTTP/1.1" 404 155 "http://localhost:8080/" "Mozilla/5.0 (Macintosh; Intel Mac OS X 11_2_2) AppleWebKit/537.36 (KHTML, like Gecko) Chrome/88.0.4324.192 Safari/537.36"
::1 - - [28/Feb/2021:19:35:15 +0000] "GET /js/toggle_likes.js HTTP/1.1" 404 157 "http://localhost:8080/" "Mozilla/5.0 (Macintosh; Intel Mac OS X 11_2_2) AppleWebKit/537.36 (KHTML, like Gecko) Chrome/88.0.4324.192 Safari/537.36"
::1 - - [28/Feb/2021:19:35:15 +0000] "GET /js/chat_engine.js HTTP/1.1" 404 156 "http://localhost:8080/" "Mozilla/5.0 (Macintosh; Intel Mac OS X 11_2_2) AppleWebKit/537.36 (KHTML, like Gecko) Chrome/88.0.4324.192 Safari/537.36"
::1 - - [28/Feb/2021:19:35:17 +0000] "GET / HTTP/1.1" 304 - "http://localhost:8080/" "Mozilla/5.0 (Macintosh; Intel Mac OS X 11_2_2) AppleWebKit/537.36 (KHTML, like Gecko) Chrome/88.0.4324.192 Safari/537.36"
::1 - - [28/Feb/2021:19:35:17 +0000] "GET /css/layout.css HTTP/1.1" 404 153 "http://localhost:8080/" "Mozilla/5.0 (Macintosh; Intel Mac OS X 11_2_2) AppleWebKit/537.36 (KHTML, like Gecko) Chrome/88.0.4324.192 Safari/537.36"
::1 - - [28/Feb/2021:19:35:17 +0000] "GET /css/header.css HTTP/1.1" 404 153 "http://localhost:8080/" "Mozilla/5.0 (Macintosh; Intel Mac OS X 11_2_2) AppleWebKit/537.36 (KHTML, like Gecko) Chrome/88.0.4324.192 Safari/537.36"
::1 - - [28/Feb/2021:19:35:17 +0000] "GET /css/footer.css HTTP/1.1" 404 153 "http://localhost:8080/" "Mozilla/5.0 (Macintosh; Intel Mac OS X 11_2_2) AppleWebKit/537.36 (KHTML, like Gecko) Chrome/88.0.4324.192 Safari/537.36"
::1 - - [28/Feb/2021:19:35:17 +0000] "GET /css/home.css HTTP/1.1" 404 151 "http://localhost:8080/" "Mozilla/5.0 (Macintosh; Intel Mac OS X 11_2_2) AppleWebKit/537.36 (KHTML, like Gecko) Chrome/88.0.4324.192 Safari/537.36"
::1 - - [28/Feb/2021:19:35:17 +0000] "GET /css/chat_box.css HTTP/1.1" 404 155 "http://localhost:8080/" "Mozilla/5.0 (Macintosh; Intel Mac OS X 11_2_2) AppleWebKit/537.36 (KHTML, like Gecko) Chrome/88.0.4324.192 Safari/537.36"
::1 - - [28/Feb/2021:19:35:17 +0000] "GET /js/home_post_comments.js HTTP/1.1" 404 163 "http://localhost:8080/" "Mozilla/5.0 (Macintosh; Intel Mac OS X 11_2_2) AppleWebKit/537.36 (KHTML, like Gecko) Chrome/88.0.4324.192 Safari/537.36"
::1 - - [28/Feb/2021:19:35:17 +0000] "GET /js/home_posts.js HTTP/1.1" 404 155 "http://localhost:8080/" "Mozilla/5.0 (Macintosh; Intel Mac OS X 11_2_2) AppleWebKit/537.36 (KHTML, like Gecko) Chrome/88.0.4324.192 Safari/537.36"
::1 - - [28/Feb/2021:19:35:17 +0000] "GET /js/toggle_likes.js HTTP/1.1" 404 157 "http://localhost:8080/" "Mozilla/5.0 (Macintosh; Intel Mac OS X 11_2_2) AppleWebKit/537.36 (KHTML, like Gecko) Chrome/88.0.4324.192 Safari/537.36"
::1 - - [28/Feb/2021:19:35:17 +0000] "GET /js/chat_engine.js HTTP/1.1" 404 156 "http://localhost:8080/" "Mozilla/5.0 (Macintosh; Intel Mac OS X 11_2_2) AppleWebKit/537.36 (KHTML, like Gecko) Chrome/88.0.4324.192 Safari/537.36"
::1 - - [28/Feb/2021:19:35:19 +0000] "GET /users/sign-in HTTP/1.1" 304 - "http://localhost:8080/" "Mozilla/5.0 (Macintosh; Intel Mac OS X 11_2_2) AppleWebKit/537.36 (KHTML, like Gecko) Chrome/88.0.4324.192 Safari/537.36"
::1 - - [28/Feb/2021:19:35:19 +0000] "GET /css/layout.css HTTP/1.1" 404 153 "http://localhost:8080/users/sign-in" "Mozilla/5.0 (Macintosh; Intel Mac OS X 11_2_2) AppleWebKit/537.36 (KHTML, like Gecko) Chrome/88.0.4324.192 Safari/537.36"
::1 - - [28/Feb/2021:19:35:19 +0000] "GET /css/header.css HTTP/1.1" 404 153 "http://localhost:8080/users/sign-in" "Mozilla/5.0 (Macintosh; Intel Mac OS X 11_2_2) AppleWebKit/537.36 (KHTML, like Gecko) Chrome/88.0.4324.192 Safari/537.36"
::1 - - [28/Feb/2021:19:35:19 +0000] "GET /css/footer.css HTTP/1.1" 404 153 "http://localhost:8080/users/sign-in" "Mozilla/5.0 (Macintosh; Intel Mac OS X 11_2_2) AppleWebKit/537.36 (KHTML, like Gecko) Chrome/88.0.4324.192 Safari/537.36"
::1 - - [28/Feb/2021:19:35:21 +0000] "GET / HTTP/1.1" 304 - "http://localhost:8080/users/sign-in" "Mozilla/5.0 (Macintosh; Intel Mac OS X 11_2_2) AppleWebKit/537.36 (KHTML, like Gecko) Chrome/88.0.4324.192 Safari/537.36"
::1 - - [28/Feb/2021:19:35:21 +0000] "GET /css/layout.css HTTP/1.1" 404 153 "http://localhost:8080/" "Mozilla/5.0 (Macintosh; Intel Mac OS X 11_2_2) AppleWebKit/537.36 (KHTML, like Gecko) Chrome/88.0.4324.192 Safari/537.36"
::1 - - [28/Feb/2021:19:35:21 +0000] "GET /css/header.css HTTP/1.1" 404 153 "http://localhost:8080/" "Mozilla/5.0 (Macintosh; Intel Mac OS X 11_2_2) AppleWebKit/537.36 (KHTML, like Gecko) Chrome/88.0.4324.192 Safari/537.36"
::1 - - [28/Feb/2021:19:35:21 +0000] "GET /css/home.css HTTP/1.1" 404 151 "http://localhost:8080/" "Mozilla/5.0 (Macintosh; Intel Mac OS X 11_2_2) AppleWebKit/537.36 (KHTML, like Gecko) Chrome/88.0.4324.192 Safari/537.36"
::1 - - [28/Feb/2021:19:35:21 +0000] "GET /css/footer.css HTTP/1.1" 404 153 "http://localhost:8080/" "Mozilla/5.0 (Macintosh; Intel Mac OS X 11_2_2) AppleWebKit/537.36 (KHTML, like Gecko) Chrome/88.0.4324.192 Safari/537.36"
::1 - - [28/Feb/2021:19:35:21 +0000] "GET /css/chat_box.css HTTP/1.1" 404 155 "http://localhost:8080/" "Mozilla/5.0 (Macintosh; Intel Mac OS X 11_2_2) AppleWebKit/537.36 (KHTML, like Gecko) Chrome/88.0.4324.192 Safari/537.36"
::1 - - [28/Feb/2021:19:35:21 +0000] "GET /js/home_post_comments.js HTTP/1.1" 404 163 "http://localhost:8080/" "Mozilla/5.0 (Macintosh; Intel Mac OS X 11_2_2) AppleWebKit/537.36 (KHTML, like Gecko) Chrome/88.0.4324.192 Safari/537.36"
::1 - - [28/Feb/2021:19:35:21 +0000] "GET /js/home_posts.js HTTP/1.1" 404 155 "http://localhost:8080/" "Mozilla/5.0 (Macintosh; Intel Mac OS X 11_2_2) AppleWebKit/537.36 (KHTML, like Gecko) Chrome/88.0.4324.192 Safari/537.36"
::1 - - [28/Feb/2021:19:35:21 +0000] "GET /js/toggle_likes.js HTTP/1.1" 404 157 "http://localhost:8080/" "Mozilla/5.0 (Macintosh; Intel Mac OS X 11_2_2) AppleWebKit/537.36 (KHTML, like Gecko) Chrome/88.0.4324.192 Safari/537.36"
::1 - - [28/Feb/2021:19:35:21 +0000] "GET /js/chat_engine.js HTTP/1.1" 404 156 "http://localhost:8080/" "Mozilla/5.0 (Macintosh; Intel Mac OS X 11_2_2) AppleWebKit/537.36 (KHTML, like Gecko) Chrome/88.0.4324.192 Safari/537.36"
::1 - - [28/Feb/2021:19:35:22 +0000] "GET / HTTP/1.1" 304 - "http://localhost:8080/users/sign-in" "Mozilla/5.0 (Macintosh; Intel Mac OS X 11_2_2) AppleWebKit/537.36 (KHTML, like Gecko) Chrome/88.0.4324.192 Safari/537.36"
::1 - - [28/Feb/2021:19:35:22 +0000] "GET /css/layout.css HTTP/1.1" 404 153 "http://localhost:8080/" "Mozilla/5.0 (Macintosh; Intel Mac OS X 11_2_2) AppleWebKit/537.36 (KHTML, like Gecko) Chrome/88.0.4324.192 Safari/537.36"
::1 - - [28/Feb/2021:19:35:22 +0000] "GET /css/header.css HTTP/1.1" 404 153 "http://localhost:8080/" "Mozilla/5.0 (Macintosh; Intel Mac OS X 11_2_2) AppleWebKit/537.36 (KHTML, like Gecko) Chrome/88.0.4324.192 Safari/537.36"
::1 - - [28/Feb/2021:19:35:22 +0000] "GET /css/footer.css HTTP/1.1" 404 153 "http://localhost:8080/" "Mozilla/5.0 (Macintosh; Intel Mac OS X 11_2_2) AppleWebKit/537.36 (KHTML, like Gecko) Chrome/88.0.4324.192 Safari/537.36"
::1 - - [28/Feb/2021:19:35:22 +0000] "GET /css/chat_box.css HTTP/1.1" 404 155 "http://localhost:8080/" "Mozilla/5.0 (Macintosh; Intel Mac OS X 11_2_2) AppleWebKit/537.36 (KHTML, like Gecko) Chrome/88.0.4324.192 Safari/537.36"
::1 - - [28/Feb/2021:19:35:22 +0000] "GET /css/home.css HTTP/1.1" 404 151 "http://localhost:8080/" "Mozilla/5.0 (Macintosh; Intel Mac OS X 11_2_2) AppleWebKit/537.36 (KHTML, like Gecko) Chrome/88.0.4324.192 Safari/537.36"
::1 - - [28/Feb/2021:19:35:22 +0000] "GET /js/home_post_comments.js HTTP/1.1" 404 163 "http://localhost:8080/" "Mozilla/5.0 (Macintosh; Intel Mac OS X 11_2_2) AppleWebKit/537.36 (KHTML, like Gecko) Chrome/88.0.4324.192 Safari/537.36"
::1 - - [28/Feb/2021:19:35:22 +0000] "GET /js/toggle_likes.js HTTP/1.1" 404 157 "http://localhost:8080/" "Mozilla/5.0 (Macintosh; Intel Mac OS X 11_2_2) AppleWebKit/537.36 (KHTML, like Gecko) Chrome/88.0.4324.192 Safari/537.36"
::1 - - [28/Feb/2021:19:35:22 +0000] "GET /js/home_posts.js HTTP/1.1" 404 155 "http://localhost:8080/" "Mozilla/5.0 (Macintosh; Intel Mac OS X 11_2_2) AppleWebKit/537.36 (KHTML, like Gecko) Chrome/88.0.4324.192 Safari/537.36"
::1 - - [28/Feb/2021:19:35:22 +0000] "GET /js/chat_engine.js HTTP/1.1" 404 156 "http://localhost:8080/" "Mozilla/5.0 (Macintosh; Intel Mac OS X 11_2_2) AppleWebKit/537.36 (KHTML, like Gecko) Chrome/88.0.4324.192 Safari/537.36"
::1 - - [28/Feb/2021:19:35:22 +0000] "GET /js/toggle_likes.js HTTP/1.1" 404 157 "http://localhost:8080/" "Mozilla/5.0 (Macintosh; Intel Mac OS X 11_2_2) AppleWebKit/537.36 (KHTML, like Gecko) Chrome/88.0.4324.192 Safari/537.36"
::1 - - [28/Feb/2021:19:35:22 +0000] "GET /js/chat_engine.js HTTP/1.1" 404 156 "http://localhost:8080/" "Mozilla/5.0 (Macintosh; Intel Mac OS X 11_2_2) AppleWebKit/537.36 (KHTML, like Gecko) Chrome/88.0.4324.192 Safari/537.36"
::1 - - [28/Feb/2021:19:36:05 +0000] "GET /css/layout.css HTTP/1.1" 404 153 "http://localhost:8080/" "Mozilla/5.0 (Macintosh; Intel Mac OS X 11_2_2) AppleWebKit/537.36 (KHTML, like Gecko) Chrome/88.0.4324.192 Safari/537.36"
::1 - - [28/Feb/2021:19:36:05 +0000] "GET /css/footer.css HTTP/1.1" 404 153 "http://localhost:8080/" "Mozilla/5.0 (Macintosh; Intel Mac OS X 11_2_2) AppleWebKit/537.36 (KHTML, like Gecko) Chrome/88.0.4324.192 Safari/537.36"
::1 - - [28/Feb/2021:19:36:05 +0000] "GET /css/header.css HTTP/1.1" 404 153 "http://localhost:8080/" "Mozilla/5.0 (Macintosh; Intel Mac OS X 11_2_2) AppleWebKit/537.36 (KHTML, like Gecko) Chrome/88.0.4324.192 Safari/537.36"
::1 - - [28/Feb/2021:19:36:05 +0000] "GET /css/home.css HTTP/1.1" 404 151 "http://localhost:8080/" "Mozilla/5.0 (Macintosh; Intel Mac OS X 11_2_2) AppleWebKit/537.36 (KHTML, like Gecko) Chrome/88.0.4324.192 Safari/537.36"
::1 - - [28/Feb/2021:19:36:05 +0000] "GET /css/chat_box.css HTTP/1.1" 404 155 "http://localhost:8080/" "Mozilla/5.0 (Macintosh; Intel Mac OS X 11_2_2) AppleWebKit/537.36 (KHTML, like Gecko) Chrome/88.0.4324.192 Safari/537.36"
::1 - - [28/Feb/2021:19:37:45 +0000] "GET / HTTP/1.1" 304 - "http://localhost:8080/users/sign-in" "Mozilla/5.0 (Macintosh; Intel Mac OS X 11_2_2) AppleWebKit/537.36 (KHTML, like Gecko) Chrome/88.0.4324.192 Safari/537.36"
::1 - - [28/Feb/2021:19:37:49 +0000] "GET /users/sign-in HTTP/1.1" 304 - "http://localhost:8080/" "Mozilla/5.0 (Macintosh; Intel Mac OS X 11_2_2) AppleWebKit/537.36 (KHTML, like Gecko) Chrome/88.0.4324.192 Safari/537.36"
::1 - - [28/Feb/2021:19:37:51 +0000] "GET / HTTP/1.1" 304 - "http://localhost:8080/users/sign-in" "Mozilla/5.0 (Macintosh; Intel Mac OS X 11_2_2) AppleWebKit/537.36 (KHTML, like Gecko) Chrome/88.0.4324.192 Safari/537.36"
::1 - - [28/Feb/2021:19:37:53 +0000] "GET /users/sign-in HTTP/1.1" 304 - "http://localhost:8080/" "Mozilla/5.0 (Macintosh; Intel Mac OS X 11_2_2) AppleWebKit/537.36 (KHTML, like Gecko) Chrome/88.0.4324.192 Safari/537.36"
::1 - - [28/Feb/2021:19:37:58 +0000] "POST /users/create-session HTTP/1.1" 302 72 "http://localhost:8080/users/sign-in" "Mozilla/5.0 (Macintosh; Intel Mac OS X 11_2_2) AppleWebKit/537.36 (KHTML, like Gecko) Chrome/88.0.4324.192 Safari/537.36"
::1 - - [28/Feb/2021:19:37:58 +0000] "GET /users/sign-in HTTP/1.1" 200 2597 "http://localhost:8080/users/sign-in" "Mozilla/5.0 (Macintosh; Intel Mac OS X 11_2_2) AppleWebKit/537.36 (KHTML, like Gecko) Chrome/88.0.4324.192 Safari/537.36"
::1 - - [28/Feb/2021:19:38:03 +0000] "GET / HTTP/1.1" 304 - "http://localhost:8080/users/sign-in" "Mozilla/5.0 (Macintosh; Intel Mac OS X 11_2_2) AppleWebKit/537.36 (KHTML, like Gecko) Chrome/88.0.4324.192 Safari/537.36"
